C51 COMPILER V9.60.0.0   MAIN                                                              01/05/2021 11:48:19 PAGE 1   


C51 COMPILER V9.60.0.0, COMPILATION OF MODULE MAIN
OBJECT MODULE PLACED IN .\Objects\main.obj
COMPILER INVOKED BY: C:\SoftWare\Keil\C51\BIN\C51.EXE ..\user\main.c OPTIMIZE(8,SPEED) BROWSE DEBUG OBJECTEXTEND PRINT(.
                    -\Listings\main.lst) OBJECT(.\Objects\main.obj)

line level    source

   1          //RST-Reset mode judgment
   2          
   3          #define ALLOCATE_EXTERN
   4          #include "HC89S003F4.h"
   5          
   6          unsigned char guc_Count = 0;            //IO Count
   7          void Delay_ms(unsigned int fui_i);              //Delay function
   8          
   9          /***************************************************************************************
  10            * @Function   Determine whether the system is a POR reset or an external RST reset, if it is a POR reset, 
  11                          LED1 flashes, if it is an external RXT reset LED2 flashes
  12            * @Note           Need to set P27 port as reset pin in code option
  13          ***************************************************************************************/
  14          void main()
  15          {
  16   1      /************************************System initialization****************************************/
  17   1              WDTCCR = 0x00;                                          //Close watchdog
  18   1                                        //In this example, the watchdog is closed for the convenience of testing. 
  19   1                                        //In practical use, it is recommended to open the watchdog. See WDT Reset examp
             -le for details
  20   1              
  21   1              CLKSWR = 0x51;                                          //Select internal RC32M as system clock, RC32M/2, Fosc=16MHz
  22   1              CLKDIV = 0x01;                                          //Fosc/1,Fcpu=16MHz 
  23   1              P0M0 = P0M0&0xF0|0x08;                          //Set P00 as push-pull output
  24   1              P1M0 = P1M0&0xF0|0x08;                          //Set P10 as push-pull output
  25   1      /***********************************Reset flag judgment***************************************/
  26   1              if(RSTFR&0x80)                                                      //Determine whether it is POR reset
  27   1              {
  28   2                      RSTFR = 0x00;                                               //Clear reset flag
  29   2                      for(guc_Count=0;guc_Count<10;guc_Count++)
  30   2                      {
  31   3                              P0_0 =~ P0_0;
  32   3                              Delay_ms(250);
  33   3                      }       
  34   2              }
  35   1              if(RSTFR&0x40)                                                      //Determine whether it is an external RST reset
  36   1              {
  37   2                      RSTFR &=~ 0x40;                                             //Clear the external RST reset flag
  38   2                      for(guc_Count=0;guc_Count<10;guc_Count++)
  39   2                      {
  40   3                              P1_0 =~ P1_0;
  41   3                              Delay_ms(250);
  42   3                      }       
  43   2              }       
  44   1              while(1);
  45   1      }
  46          
  47          /**
  48            * Delay function 
  49            * Fcpu = 16MHz,fui_i = 1,The delay time is about 1Ms
  50            */
  51          void Delay_ms(unsigned int fui_i)
  52          {
  53   1              unsigned int fui_j;
C51 COMPILER V9.60.0.0   MAIN                                                              01/05/2021 11:48:19 PAGE 2   

  54   1              for(;fui_i > 0;fui_i --)
  55   1              for(fui_j = 1596;fui_j > 0;fui_j --);
  56   1      }


MODULE INFORMATION:   STATIC OVERLAYABLE
   CODE SIZE        =    132    ----
   CONSTANT SIZE    =   ----    ----
   XDATA SIZE       =   ----    ----
   PDATA SIZE       =   ----    ----
   DATA SIZE        =      1    ----
   IDATA SIZE       =   ----    ----
   BIT SIZE         =   ----    ----
END OF MODULE INFORMATION.


C51 COMPILATION COMPLETE.  0 WARNING(S),  0 ERROR(S)
