C51 COMPILER V9.60.0.0   MAIN                                                              01/05/2021 11:53:57 PAGE 1   


C51 COMPILER V9.60.0.0, COMPILATION OF MODULE MAIN
OBJECT MODULE PLACED IN .\Objects\main.obj
COMPILER INVOKED BY: C:\SoftWare\Keil\C51\BIN\C51.EXE ..\user\main.c OPTIMIZE(8,SPEED) BROWSE DEBUG OBJECTEXTEND PRINT(.
                    -\Listings\main.lst) OBJECT(.\Objects\main.obj)

line level    source

   1          //T4 external trigger timing
   2          
   3          #define ALLOCATE_EXTERN
   4          #include "HC89S003F4.h"
   5          
   6          /***************************************************************************************
   7            * @Function   P11 detects a falling edge, enters interrupt after timing 1s, P00 flips
   8          ***************************************************************************************/
   9          void main()
  10          {
  11   1      /************************************System initialization ****************************************/
  12   1              WDTCCR = 0x00;                                          //Close watchdog
  13   1                                        //In this example, the watchdog is closed for the convenience of testing. 
  14   1                                        //In practical use, it is recommended to open the watchdog. See WDT Reset examp
             -le for details
  15   1              
  16   1              CLKSWR = 0x51;                                          //Select internal RC32M as system clock, RC32M/2, Fosc=16MHz
  17   1              CLKDIV = 0x01;                                          //Fosc/1,Fcpu=16MHz 
  18   1              P0M0 = P0M0&0xF0|0x08;              //Set P00 as push-pull output       
  19   1      /**********************************TIM4 initialization**************************************/
  20   1          P1M0 = P1M0&0x0F|0x20;              //Set P11 as pull-up input    
  21   1              T4_MAP = 0x11;                                          //External trigger port mapping P11
  22   1      
  23   1              //T4 Timing 1s  = (65536 - 0x0BDC) * (1 / (Fosc /Timer division factor))
  24   1              //                              = 62500 / (16000000 / 256)
  25   1              //                              = 1s
  26   1      
  27   1              //Timing 1s
  28   1              //Reverse initial value = 65536 - (1 / (1/(Fosc / Timer division factor)))
  29   1              //                      = 65536 - (1 / (1/(16000000 / 256)))
  30   1              //                      = 65536 - 62500
  31   1              //                      = 0x0BDC
  32   1      
  33   1              TH4 = 0x0B;
  34   1              TL4 = 0xDC;                                              //Timing 1s
  35   1              T4CON = 0x7E;                                            //Falling edge trigger, divided by 256
  36   1              IE1 |= 0x04;                                             //Turn on T4 Interrupt
  37   1              EA = 1;                                                          //Open total Interrupt
  38   1              while(1);
  39   1      }
  40          
  41          /***************************************************************************************
  42           T4 interrupt service function
  43          ***************************************************************************************/
  44          void TIMER4_Rpt(void) interrupt T4_VECTOR
  45          {
  46   1              T4CON &=~ 0x80;                                          //Clear T4-flag bit
  47   1              P0_0 =~ P0_0;
  48   1      }


MODULE INFORMATION:   STATIC OVERLAYABLE
   CODE SIZE        =     59    ----
   CONSTANT SIZE    =   ----    ----
C51 COMPILER V9.60.0.0   MAIN                                                              01/05/2021 11:53:57 PAGE 2   

   XDATA SIZE       =   ----    ----
   PDATA SIZE       =   ----    ----
   DATA SIZE        =   ----    ----
   IDATA SIZE       =   ----    ----
   BIT SIZE         =   ----    ----
END OF MODULE INFORMATION.


C51 COMPILATION COMPLETE.  0 WARNING(S),  0 ERROR(S)
