C51 COMPILER V9.60.0.0   MAIN                                                              01/05/2021 11:33:59 PAGE 1   


C51 COMPILER V9.60.0.0, COMPILATION OF MODULE MAIN
OBJECT MODULE PLACED IN .\Objects\main.obj
COMPILER INVOKED BY: C:\SoftWare\Keil\C51\BIN\C51.EXE ..\user\main.c OPTIMIZE(8,SPEED) BROWSE DEBUG OBJECTEXTEND PRINT(.
                    -\Listings\main.lst) OBJECT(.\Objects\main.obj)

line level    source

   1          
   2          //clock output
   3          
   4          #define ALLOCATE_EXTERN
   5          #include "HC89S003F4.h"
   6          
   7          /**************************************************************************************
   8            * @Function   Set FOSC to 16MHz and fcpu to 16MHz,then output the internal high frequency
   9                          RC/8 clock through port P00
  10          **************************************************************************************/
  11          void main()
  12          {
  13   1      /************************************system initialization****************************************/
  14   1              WDTCCR = 0x00;                                          //Close watchdog
  15   1                                        //In this example, the watchdog is closed for the convenience of testing. 
  16   1                                        //In practical use, it is recommended to open the watchdog. See WDT Reset examp
             -le for details
  17   1              
  18   1              CLKSWR = 0x51;                                          //Select internal RC32M as system clock, RC32M/2, Fosc=16MHz
  19   1              CLKDIV = 0x01;                                          //Fosc/1,Fcpu=16MHz  
  20   1      /**************************************************************************************/
  21   1              P0M0 = P0M0&0xF0|0x08;          //Set P00 as push-pull output
  22   1              CLKO_MAP = 0x00;                        //clock output,map to port P00
  23   1              CLKOUT = 0x17;                                          //Enable internal high frequency clock 8 frequency division output
  24   1              while(1);
  25   1      }


MODULE INFORMATION:   STATIC OVERLAYABLE
   CODE SIZE        =     35    ----
   CONSTANT SIZE    =   ----    ----
   XDATA SIZE       =   ----    ----
   PDATA SIZE       =   ----    ----
   DATA SIZE        =   ----    ----
   IDATA SIZE       =   ----    ----
   BIT SIZE         =   ----    ----
END OF MODULE INFORMATION.


C51 COMPILATION COMPLETE.  0 WARNING(S),  0 ERROR(S)
