                                      1 ;--------------------------------------------------------
                                      2 ; File Created by SDCC : free open source ANSI-C Compiler
                                      3 ; Version 4.0.0 #11528 (Linux)
                                      4 ;--------------------------------------------------------
                                      5 	.module adc
                                      6 	.optsdcc -mstm8
                                      7 	
                                      8 ;--------------------------------------------------------
                                      9 ; Public variables in this module
                                     10 ;--------------------------------------------------------
                                     11 	.globl _rawAdc
                                     12 	.globl _getParamById
                                     13 	.globl _initADC
                                     14 	.globl _startADC
                                     15 	.globl _getAdcResult
                                     16 	.globl _getAdcAveraged
                                     17 	.globl _getTemperature
                                     18 	.globl _ADC1_EOC_handler
                                     19 ;--------------------------------------------------------
                                     20 ; ram data
                                     21 ;--------------------------------------------------------
                                     22 	.area DATA
      000000                         23 _result:
      000000                         24 	.ds 2
      000002                         25 _averaged:
      000002                         26 	.ds 4
                                     27 ;--------------------------------------------------------
                                     28 ; ram data
                                     29 ;--------------------------------------------------------
                                     30 	.area INITIALIZED
                                     31 ;--------------------------------------------------------
                                     32 ; absolute external ram data
                                     33 ;--------------------------------------------------------
                                     34 	.area DABS (ABS)
                                     35 
                                     36 ; default segment ordering for linker
                                     37 	.area HOME
                                     38 	.area GSINIT
                                     39 	.area GSFINAL
                                     40 	.area CONST
                                     41 	.area INITIALIZER
                                     42 	.area CODE
                                     43 
                                     44 ;--------------------------------------------------------
                                     45 ; global & static initialisations
                                     46 ;--------------------------------------------------------
                                     47 	.area HOME
                                     48 	.area GSINIT
                                     49 	.area GSFINAL
                                     50 	.area GSINIT
                                     51 ;--------------------------------------------------------
                                     52 ; Home
                                     53 ;--------------------------------------------------------
                                     54 	.area HOME
                                     55 	.area HOME
                                     56 ;--------------------------------------------------------
                                     57 ; code
                                     58 ;--------------------------------------------------------
                                     59 	.area CODE
                                     60 ;	./adc.c: 63: void initADC()
                                     61 ;	-----------------------------------------
                                     62 ;	 function initADC
                                     63 ;	-----------------------------------------
      000000                         64 _initADC:
                                     65 ;	./adc.c: 65: ADC_CR1 |= 0x70;    // Prescaler f/18 (SPSEL)
      000000 C6 54 01         [ 1]   66 	ld	a, 0x5401
      000003 AA 70            [ 1]   67 	or	a, #0x70
      000005 C7 54 01         [ 1]   68 	ld	0x5401, a
                                     69 ;	./adc.c: 66: ADC_CSR |= 0x06;    // select AIN6
      000008 C6 54 00         [ 1]   70 	ld	a, 0x5400
      00000B AA 06            [ 1]   71 	or	a, #0x06
                                     72 ;	./adc.c: 67: ADC_CSR |= 0x20;    // Interrupt enable (EOCIE)
      00000D C7 54 00         [ 1]   73 	ld	0x5400, a
      000010 AA 20            [ 1]   74 	or	a, #0x20
      000012 C7 54 00         [ 1]   75 	ld	0x5400, a
                                     76 ;	./adc.c: 68: ADC_CR1 |= 0x01;    // Power up ADC
      000015 72 10 54 01      [ 1]   77 	bset	21505, #0
                                     78 ;	./adc.c: 69: result = 0;
      000019 5F               [ 1]   79 	clrw	x
      00001A CFu00u00         [ 2]   80 	ldw	_result+0, x
                                     81 ;	./adc.c: 70: averaged = 0;
      00001D 5F               [ 1]   82 	clrw	x
      00001E CFu00u04         [ 2]   83 	ldw	_averaged+2, x
      000021 CFu00u02         [ 2]   84 	ldw	_averaged+0, x
                                     85 ;	./adc.c: 71: }
      000024 81               [ 4]   86 	ret
                                     87 ;	./adc.c: 76: void startADC()
                                     88 ;	-----------------------------------------
                                     89 ;	 function startADC
                                     90 ;	-----------------------------------------
      000025                         91 _startADC:
                                     92 ;	./adc.c: 78: ADC_CR1 |= 0x01;
      000025 72 10 54 01      [ 1]   93 	bset	21505, #0
                                     94 ;	./adc.c: 79: }
      000029 81               [ 4]   95 	ret
                                     96 ;	./adc.c: 85: unsigned int getAdcResult()
                                     97 ;	-----------------------------------------
                                     98 ;	 function getAdcResult
                                     99 ;	-----------------------------------------
      00002A                        100 _getAdcResult:
                                    101 ;	./adc.c: 87: return result;
      00002A CEu00u00         [ 2]  102 	ldw	x, _result+0
                                    103 ;	./adc.c: 88: }
      00002D 81               [ 4]  104 	ret
                                    105 ;	./adc.c: 95: unsigned int getAdcAveraged()
                                    106 ;	-----------------------------------------
                                    107 ;	 function getAdcAveraged
                                    108 ;	-----------------------------------------
      00002E                        109 _getAdcAveraged:
                                    110 ;	./adc.c: 97: return (unsigned int) (averaged >> ADC_AVERAGING_BITS);
      00002E CEu00u04         [ 2]  111 	ldw	x, _averaged+2
      000031 90 CEu00u02      [ 2]  112 	ldw	y, _averaged+0
      000035 90 54            [ 2]  113 	srlw	y
      000037 56               [ 2]  114 	rrcw	x
      000038 90 54            [ 2]  115 	srlw	y
      00003A 56               [ 2]  116 	rrcw	x
      00003B 90 54            [ 2]  117 	srlw	y
      00003D 56               [ 2]  118 	rrcw	x
      00003E 90 54            [ 2]  119 	srlw	y
      000040 56               [ 2]  120 	rrcw	x
                                    121 ;	./adc.c: 98: }
      000041 81               [ 4]  122 	ret
                                    123 ;	./adc.c: 105: int getTemperature()
                                    124 ;	-----------------------------------------
                                    125 ;	 function getTemperature
                                    126 ;	-----------------------------------------
      000042                        127 _getTemperature:
      000042 52 08            [ 2]  128 	sub	sp, #8
                                    129 ;	./adc.c: 107: unsigned int val = averaged >> ADC_AVERAGING_BITS;
      000044 CEu00u04         [ 2]  130 	ldw	x, _averaged+2
      000047 90 CEu00u02      [ 2]  131 	ldw	y, _averaged+0
      00004B 90 54            [ 2]  132 	srlw	y
      00004D 56               [ 2]  133 	rrcw	x
      00004E 90 54            [ 2]  134 	srlw	y
      000050 56               [ 2]  135 	rrcw	x
      000051 90 54            [ 2]  136 	srlw	y
      000053 56               [ 2]  137 	rrcw	x
      000054 90 54            [ 2]  138 	srlw	y
      000056 56               [ 2]  139 	rrcw	x
      000057 1F 01            [ 2]  140 	ldw	(0x01, sp), x
                                    141 ;	./adc.c: 108: unsigned char rightBound = ADC_RAW_TABLE_SIZE;
      000059 A6 A5            [ 1]  142 	ld	a, #0xa5
      00005B 6B 03            [ 1]  143 	ld	(0x03, sp), a
                                    144 ;	./adc.c: 109: unsigned char leftBound = 0;
      00005D 0F 04            [ 1]  145 	clr	(0x04, sp)
                                    146 ;	./adc.c: 112: while ( (rightBound - leftBound) > 1) {
      00005F                        147 00104$:
      00005F 7B 03            [ 1]  148 	ld	a, (0x03, sp)
      000061 6B 06            [ 1]  149 	ld	(0x06, sp), a
      000063 0F 05            [ 1]  150 	clr	(0x05, sp)
      000065 7B 04            [ 1]  151 	ld	a, (0x04, sp)
      000067 6B 08            [ 1]  152 	ld	(0x08, sp), a
      000069 0F 07            [ 1]  153 	clr	(0x07, sp)
      00006B 1E 05            [ 2]  154 	ldw	x, (0x05, sp)
      00006D 72 F0 07         [ 2]  155 	subw	x, (0x07, sp)
      000070 A3 00 01         [ 2]  156 	cpw	x, #0x0001
      000073 2D 23            [ 1]  157 	jrsle	00106$
                                    158 ;	./adc.c: 113: unsigned char midId = (leftBound + rightBound) >> 1;
      000075 1E 07            [ 2]  159 	ldw	x, (0x07, sp)
      000077 72 FB 05         [ 2]  160 	addw	x, (0x05, sp)
      00007A 57               [ 2]  161 	sraw	x
      00007B 41               [ 1]  162 	exg	a, xl
      00007C 6B 08            [ 1]  163 	ld	(0x08, sp), a
      00007E 41               [ 1]  164 	exg	a, xl
                                    165 ;	./adc.c: 115: if (val > rawAdc[midId]) {
      00007F 7B 08            [ 1]  166 	ld	a, (0x08, sp)
      000081 5F               [ 1]  167 	clrw	x
      000082 97               [ 1]  168 	ld	xl, a
      000083 58               [ 2]  169 	sllw	x
      000084 1Cr00r00         [ 2]  170 	addw	x, #(_rawAdc + 0)
      000087 FE               [ 2]  171 	ldw	x, (x)
      000088 13 01            [ 2]  172 	cpw	x, (0x01, sp)
      00008A 24 06            [ 1]  173 	jrnc	00102$
                                    174 ;	./adc.c: 116: rightBound = midId;
      00008C 7B 08            [ 1]  175 	ld	a, (0x08, sp)
      00008E 6B 03            [ 1]  176 	ld	(0x03, sp), a
      000090 20 CD            [ 2]  177 	jra	00104$
      000092                        178 00102$:
                                    179 ;	./adc.c: 118: leftBound = midId;
      000092 7B 08            [ 1]  180 	ld	a, (0x08, sp)
      000094 6B 04            [ 1]  181 	ld	(0x04, sp), a
      000096 20 C7            [ 2]  182 	jra	00104$
      000098                        183 00106$:
                                    184 ;	./adc.c: 123: if (val >= rawAdc[leftBound]) {
      000098 1E 07            [ 2]  185 	ldw	x, (0x07, sp)
      00009A 58               [ 2]  186 	sllw	x
      00009B 1Cr00r00         [ 2]  187 	addw	x, #(_rawAdc + 0)
      00009E FE               [ 2]  188 	ldw	x, (x)
      00009F 1F 03            [ 2]  189 	ldw	(0x03, sp), x
      0000A1 1E 01            [ 2]  190 	ldw	x, (0x01, sp)
      0000A3 13 03            [ 2]  191 	cpw	x, (0x03, sp)
      0000A5 25 0A            [ 1]  192 	jrc	00108$
                                    193 ;	./adc.c: 124: val = leftBound * 10;
      0000A7 1E 07            [ 2]  194 	ldw	x, (0x07, sp)
      0000A9 58               [ 2]  195 	sllw	x
      0000AA 58               [ 2]  196 	sllw	x
      0000AB 72 FB 07         [ 2]  197 	addw	x, (0x07, sp)
      0000AE 58               [ 2]  198 	sllw	x
      0000AF 20 30            [ 2]  199 	jra	00109$
      0000B1                        200 00108$:
                                    201 ;	./adc.c: 126: val = (rightBound * 10) - ( (val - rawAdc[rightBound]) * 10)
      0000B1 1E 05            [ 2]  202 	ldw	x, (0x05, sp)
      0000B3 58               [ 2]  203 	sllw	x
      0000B4 58               [ 2]  204 	sllw	x
      0000B5 72 FB 05         [ 2]  205 	addw	x, (0x05, sp)
      0000B8 58               [ 2]  206 	sllw	x
      0000B9 1F 07            [ 2]  207 	ldw	(0x07, sp), x
      0000BB 1E 05            [ 2]  208 	ldw	x, (0x05, sp)
      0000BD 58               [ 2]  209 	sllw	x
      0000BE 1Cr00r00         [ 2]  210 	addw	x, #(_rawAdc + 0)
      0000C1 FE               [ 2]  211 	ldw	x, (x)
      0000C2 1F 05            [ 2]  212 	ldw	(0x05, sp), x
      0000C4 1E 01            [ 2]  213 	ldw	x, (0x01, sp)
      0000C6 72 F0 05         [ 2]  214 	subw	x, (0x05, sp)
      0000C9 89               [ 2]  215 	pushw	x
      0000CA 58               [ 2]  216 	sllw	x
      0000CB 58               [ 2]  217 	sllw	x
      0000CC 72 FB 01         [ 2]  218 	addw	x, (1, sp)
      0000CF 58               [ 2]  219 	sllw	x
      0000D0 5B 02            [ 2]  220 	addw	sp, #2
                                    221 ;	./adc.c: 127: / (rawAdc[leftBound] - rawAdc[rightBound]);
      0000D2 16 03            [ 2]  222 	ldw	y, (0x03, sp)
      0000D4 72 F2 05         [ 2]  223 	subw	y, (0x05, sp)
      0000D7 65               [ 2]  224 	divw	x, y
      0000D8 1F 05            [ 2]  225 	ldw	(0x05, sp), x
      0000DA 1E 07            [ 2]  226 	ldw	x, (0x07, sp)
      0000DC 72 F0 05         [ 2]  227 	subw	x, (0x05, sp)
      0000DF 1F 07            [ 2]  228 	ldw	(0x07, sp), x
      0000E1                        229 00109$:
                                    230 ;	./adc.c: 131: return ADC_RAW_TABLE_BASE_TEMP + val + getParamById (PARAM_TEMPERATURE_CORRECTION);
      0000E1 1C FD F8         [ 2]  231 	addw	x, #0xfdf8
      0000E4 1F 07            [ 2]  232 	ldw	(0x07, sp), x
      0000E6 4B 04            [ 1]  233 	push	#0x04
      0000E8 CDr00r00         [ 4]  234 	call	_getParamById
      0000EB 84               [ 1]  235 	pop	a
      0000EC 72 FB 07         [ 2]  236 	addw	x, (0x07, sp)
                                    237 ;	./adc.c: 132: }
      0000EF 5B 08            [ 2]  238 	addw	sp, #8
      0000F1 81               [ 4]  239 	ret
                                    240 ;	./adc.c: 138: void ADC1_EOC_handler() __interrupt (22)
                                    241 ;	-----------------------------------------
                                    242 ;	 function ADC1_EOC_handler
                                    243 ;	-----------------------------------------
      0000F2                        244 _ADC1_EOC_handler:
      0000F2 4F               [ 1]  245 	clr	a
      0000F3 62               [ 2]  246 	div	x, a
      0000F4 52 0C            [ 2]  247 	sub	sp, #12
                                    248 ;	./adc.c: 140: result = ADC_DRH << 2;
      0000F6 C6 54 04         [ 1]  249 	ld	a, 0x5404
      0000F9 5F               [ 1]  250 	clrw	x
      0000FA 97               [ 1]  251 	ld	xl, a
      0000FB 58               [ 2]  252 	sllw	x
      0000FC 58               [ 2]  253 	sllw	x
      0000FD CFu00u00         [ 2]  254 	ldw	_result+0, x
                                    255 ;	./adc.c: 141: result |= ADC_DRL;
      000100 C6 54 05         [ 1]  256 	ld	a, 0x5405
      000103 5F               [ 1]  257 	clrw	x
      000104 CAu00u01         [ 1]  258 	or	a, _result+1
      000107 02               [ 1]  259 	rlwa	x
      000108 CAu00u00         [ 1]  260 	or	a, _result+0
      00010B 95               [ 1]  261 	ld	xh, a
      00010C CFu00u00         [ 2]  262 	ldw	_result+0, x
                                    263 ;	./adc.c: 142: ADC_CSR &= ~0x80;   // reset EOC
      00010F 72 1F 54 00      [ 1]  264 	bres	21504, #7
                                    265 ;	./adc.c: 145: if (averaged == 0) {
      000113 CEu00u04         [ 2]  266 	ldw	x, _averaged+2
      000116 26 17            [ 1]  267 	jrne	00102$
      000118 CEu00u02         [ 2]  268 	ldw	x, _averaged+0
      00011B 26 12            [ 1]  269 	jrne	00102$
                                    270 ;	./adc.c: 146: averaged = result << ADC_AVERAGING_BITS;
      00011D CEu00u00         [ 2]  271 	ldw	x, _result+0
      000120 58               [ 2]  272 	sllw	x
      000121 58               [ 2]  273 	sllw	x
      000122 58               [ 2]  274 	sllw	x
      000123 58               [ 2]  275 	sllw	x
      000124 90 5F            [ 1]  276 	clrw	y
      000126 CFu00u04         [ 2]  277 	ldw	_averaged+2, x
      000129 90 CFu00u02      [ 2]  278 	ldw	_averaged+0, y
      00012D 20 5A            [ 2]  279 	jra	00104$
      00012F                        280 00102$:
                                    281 ;	./adc.c: 148: averaged += result - (averaged >> ADC_AVERAGING_BITS);
      00012F CEu00u04         [ 2]  282 	ldw	x, _averaged+2
      000132 1F 03            [ 2]  283 	ldw	(0x03, sp), x
      000134 CEu00u02         [ 2]  284 	ldw	x, _averaged+0
      000137 54               [ 2]  285 	srlw	x
      000138 06 03            [ 1]  286 	rrc	(0x03, sp)
      00013A 06 04            [ 1]  287 	rrc	(0x04, sp)
      00013C 54               [ 2]  288 	srlw	x
      00013D 06 03            [ 1]  289 	rrc	(0x03, sp)
      00013F 06 04            [ 1]  290 	rrc	(0x04, sp)
      000141 54               [ 2]  291 	srlw	x
      000142 06 03            [ 1]  292 	rrc	(0x03, sp)
      000144 06 04            [ 1]  293 	rrc	(0x04, sp)
      000146 54               [ 2]  294 	srlw	x
      000147 06 03            [ 1]  295 	rrc	(0x03, sp)
      000149 06 04            [ 1]  296 	rrc	(0x04, sp)
      00014B 90 CEu00u00      [ 2]  297 	ldw	y, _result+0
      00014F 4F               [ 1]  298 	clr	a
      000150 0F 05            [ 1]  299 	clr	(0x05, sp)
      000152 72 F2 03         [ 2]  300 	subw	y, (0x03, sp)
      000155 89               [ 2]  301 	pushw	x
      000156 12 02            [ 1]  302 	sbc	a, (2, sp)
      000158 85               [ 2]  303 	popw	x
      000159 6B 0A            [ 1]  304 	ld	(0x0a, sp), a
      00015B 7B 05            [ 1]  305 	ld	a, (0x05, sp)
      00015D 89               [ 2]  306 	pushw	x
      00015E 12 01            [ 1]  307 	sbc	a, (1, sp)
      000160 85               [ 2]  308 	popw	x
      000161 6B 09            [ 1]  309 	ld	(0x09, sp), a
      000163 C6u00u05         [ 1]  310 	ld	a, _averaged+3
      000166 90 89            [ 2]  311 	pushw	y
      000168 1B 02            [ 1]  312 	add	a, (2, sp)
      00016A 90 85            [ 2]  313 	popw	y
      00016C 97               [ 1]  314 	ld	xl, a
      00016D C6u00u04         [ 1]  315 	ld	a, _averaged+2
      000170 90 89            [ 2]  316 	pushw	y
      000172 19 01            [ 1]  317 	adc	a, (1, sp)
      000174 90 85            [ 2]  318 	popw	y
      000176 95               [ 1]  319 	ld	xh, a
      000177 90 CEu00u02      [ 2]  320 	ldw	y, _averaged+0
      00017B 24 02            [ 1]  321 	jrnc	00113$
      00017D 90 5C            [ 1]  322 	incw	y
      00017F                        323 00113$:
      00017F 72 F9 09         [ 2]  324 	addw	y, (0x09, sp)
      000182 CFu00u04         [ 2]  325 	ldw	_averaged+2, x
      000185 90 CFu00u02      [ 2]  326 	ldw	_averaged+0, y
      000189                        327 00104$:
                                    328 ;	./adc.c: 150: }
      000189 5B 0C            [ 2]  329 	addw	sp, #12
      00018B 80               [11]  330 	iret
                                    331 	.area CODE
                                    332 	.area CONST
      000000                        333 _rawAdc:
      000000 03 CE                  334 	.dw #0x03ce
      000002 03 CB                  335 	.dw #0x03cb
      000004 03 C7                  336 	.dw #0x03c7
      000006 03 C4                  337 	.dw #0x03c4
      000008 03 C0                  338 	.dw #0x03c0
      00000A 03 BC                  339 	.dw #0x03bc
      00000C 03 B9                  340 	.dw #0x03b9
      00000E 03 B4                  341 	.dw #0x03b4
      000010 03 B0                  342 	.dw #0x03b0
      000012 03 AC                  343 	.dw #0x03ac
      000014 03 A7                  344 	.dw #0x03a7
      000016 03 A2                  345 	.dw #0x03a2
      000018 03 9D                  346 	.dw #0x039d
      00001A 03 98                  347 	.dw #0x0398
      00001C 03 92                  348 	.dw #0x0392
      00001E 03 8D                  349 	.dw #0x038d
      000020 03 87                  350 	.dw #0x0387
      000022 03 81                  351 	.dw #0x0381
      000024 03 7B                  352 	.dw #0x037b
      000026 03 74                  353 	.dw #0x0374
      000028 03 6D                  354 	.dw #0x036d
      00002A 03 67                  355 	.dw #0x0367
      00002C 03 60                  356 	.dw #0x0360
      00002E 03 58                  357 	.dw #0x0358
      000030 03 51                  358 	.dw #0x0351
      000032 03 49                  359 	.dw #0x0349
      000034 03 41                  360 	.dw #0x0341
      000036 03 39                  361 	.dw #0x0339
      000038 03 31                  362 	.dw #0x0331
      00003A 03 29                  363 	.dw #0x0329
      00003C 03 20                  364 	.dw #0x0320
      00003E 03 17                  365 	.dw #0x0317
      000040 03 0E                  366 	.dw #0x030e
      000042 03 05                  367 	.dw #0x0305
      000044 02 FC                  368 	.dw #0x02fc
      000046 02 F2                  369 	.dw #0x02f2
      000048 02 E9                  370 	.dw #0x02e9
      00004A 02 DF                  371 	.dw #0x02df
      00004C 02 D5                  372 	.dw #0x02d5
      00004E 02 CB                  373 	.dw #0x02cb
      000050 02 C1                  374 	.dw #0x02c1
      000052 02 B7                  375 	.dw #0x02b7
      000054 02 AD                  376 	.dw #0x02ad
      000056 02 A3                  377 	.dw #0x02a3
      000058 02 98                  378 	.dw #0x0298
      00005A 02 8E                  379 	.dw #0x028e
      00005C 02 84                  380 	.dw #0x0284
      00005E 02 79                  381 	.dw #0x0279
      000060 02 6F                  382 	.dw #0x026f
      000062 02 64                  383 	.dw #0x0264
      000064 02 59                  384 	.dw #0x0259
      000066 02 4F                  385 	.dw #0x024f
      000068 02 44                  386 	.dw #0x0244
      00006A 02 3A                  387 	.dw #0x023a
      00006C 02 2F                  388 	.dw #0x022f
      00006E 02 25                  389 	.dw #0x0225
      000070 02 1A                  390 	.dw #0x021a
      000072 02 10                  391 	.dw #0x0210
      000074 02 06                  392 	.dw #0x0206
      000076 01 FB                  393 	.dw #0x01fb
      000078 01 F1                  394 	.dw #0x01f1
      00007A 01 E7                  395 	.dw #0x01e7
      00007C 01 DD                  396 	.dw #0x01dd
      00007E 01 D3                  397 	.dw #0x01d3
      000080 01 C9                  398 	.dw #0x01c9
      000082 01 C0                  399 	.dw #0x01c0
      000084 01 B6                  400 	.dw #0x01b6
      000086 01 AD                  401 	.dw #0x01ad
      000088 01 A3                  402 	.dw #0x01a3
      00008A 01 9A                  403 	.dw #0x019a
      00008C 01 91                  404 	.dw #0x0191
      00008E 01 88                  405 	.dw #0x0188
      000090 01 7F                  406 	.dw #0x017f
      000092 01 77                  407 	.dw #0x0177
      000094 01 6E                  408 	.dw #0x016e
      000096 01 66                  409 	.dw #0x0166
      000098 01 5D                  410 	.dw #0x015d
      00009A 01 55                  411 	.dw #0x0155
      00009C 01 4D                  412 	.dw #0x014d
      00009E 01 46                  413 	.dw #0x0146
      0000A0 01 3E                  414 	.dw #0x013e
      0000A2 01 36                  415 	.dw #0x0136
      0000A4 01 2F                  416 	.dw #0x012f
      0000A6 01 28                  417 	.dw #0x0128
      0000A8 01 21                  418 	.dw #0x0121
      0000AA 01 1A                  419 	.dw #0x011a
      0000AC 01 13                  420 	.dw #0x0113
      0000AE 01 0D                  421 	.dw #0x010d
      0000B0 01 06                  422 	.dw #0x0106
      0000B2 01 00                  423 	.dw #0x0100
      0000B4 00 FA                  424 	.dw #0x00fa
      0000B6 00 F4                  425 	.dw #0x00f4
      0000B8 00 EE                  426 	.dw #0x00ee
      0000BA 00 E8                  427 	.dw #0x00e8
      0000BC 00 E2                  428 	.dw #0x00e2
      0000BE 00 DD                  429 	.dw #0x00dd
      0000C0 00 D7                  430 	.dw #0x00d7
      0000C2 00 D2                  431 	.dw #0x00d2
      0000C4 00 CD                  432 	.dw #0x00cd
      0000C6 00 C8                  433 	.dw #0x00c8
      0000C8 00 C3                  434 	.dw #0x00c3
      0000CA 00 BF                  435 	.dw #0x00bf
      0000CC 00 BA                  436 	.dw #0x00ba
      0000CE 00 B5                  437 	.dw #0x00b5
      0000D0 00 B1                  438 	.dw #0x00b1
      0000D2 00 AD                  439 	.dw #0x00ad
      0000D4 00 A9                  440 	.dw #0x00a9
      0000D6 00 A5                  441 	.dw #0x00a5
      0000D8 00 A1                  442 	.dw #0x00a1
      0000DA 00 9D                  443 	.dw #0x009d
      0000DC 00 99                  444 	.dw #0x0099
      0000DE 00 95                  445 	.dw #0x0095
      0000E0 00 92                  446 	.dw #0x0092
      0000E2 00 8E                  447 	.dw #0x008e
      0000E4 00 8B                  448 	.dw #0x008b
      0000E6 00 88                  449 	.dw #0x0088
      0000E8 00 84                  450 	.dw #0x0084
      0000EA 00 81                  451 	.dw #0x0081
      0000EC 00 7E                  452 	.dw #0x007e
      0000EE 00 7B                  453 	.dw #0x007b
      0000F0 00 78                  454 	.dw #0x0078
      0000F2 00 75                  455 	.dw #0x0075
      0000F4 00 73                  456 	.dw #0x0073
      0000F6 00 70                  457 	.dw #0x0070
      0000F8 00 6D                  458 	.dw #0x006d
      0000FA 00 6B                  459 	.dw #0x006b
      0000FC 00 68                  460 	.dw #0x0068
      0000FE 00 66                  461 	.dw #0x0066
      000100 00 64                  462 	.dw #0x0064
      000102 00 61                  463 	.dw #0x0061
      000104 00 5F                  464 	.dw #0x005f
      000106 00 5D                  465 	.dw #0x005d
      000108 00 5B                  466 	.dw #0x005b
      00010A 00 59                  467 	.dw #0x0059
      00010C 00 57                  468 	.dw #0x0057
      00010E 00 55                  469 	.dw #0x0055
      000110 00 53                  470 	.dw #0x0053
      000112 00 51                  471 	.dw #0x0051
      000114 00 4F                  472 	.dw #0x004f
      000116 00 4E                  473 	.dw #0x004e
      000118 00 4C                  474 	.dw #0x004c
      00011A 00 4A                  475 	.dw #0x004a
      00011C 00 49                  476 	.dw #0x0049
      00011E 00 47                  477 	.dw #0x0047
      000120 00 45                  478 	.dw #0x0045
      000122 00 44                  479 	.dw #0x0044
      000124 00 43                  480 	.dw #0x0043
      000126 00 41                  481 	.dw #0x0041
      000128 00 40                  482 	.dw #0x0040
      00012A 00 3E                  483 	.dw #0x003e
      00012C 00 3D                  484 	.dw #0x003d
      00012E 00 3C                  485 	.dw #0x003c
      000130 00 3A                  486 	.dw #0x003a
      000132 00 39                  487 	.dw #0x0039
      000134 00 38                  488 	.dw #0x0038
      000136 00 37                  489 	.dw #0x0037
      000138 00 36                  490 	.dw #0x0036
      00013A 00 35                  491 	.dw #0x0035
      00013C 00 34                  492 	.dw #0x0034
      00013E 00 33                  493 	.dw #0x0033
      000140 00 31                  494 	.dw #0x0031
      000142 00 30                  495 	.dw #0x0030
      000144 00 2F                  496 	.dw #0x002f
      000146 00 2F                  497 	.dw #0x002f
      000148 00 2E                  498 	.dw #0x002e
                                    499 	.area INITIALIZER
                                    500 	.area CABS (ABS)
