                                      1 ;--------------------------------------------------------
                                      2 ; File Created by SDCC : free open source ANSI-C Compiler
                                      3 ; Version 4.0.0 #11528 (Linux)
                                      4 ;--------------------------------------------------------
                                      5 	.module params
                                      6 	.optsdcc -mstm8
                                      7 	
                                      8 ;--------------------------------------------------------
                                      9 ; Public variables in this module
                                     10 ;--------------------------------------------------------
                                     11 	.globl _paramDefault
                                     12 	.globl _paramMax
                                     13 	.globl _paramMin
                                     14 	.globl _getButton3
                                     15 	.globl _getButton2
                                     16 	.globl _initParamsEEPROM
                                     17 	.globl _getParamById
                                     18 	.globl _setParamById
                                     19 	.globl _getParam
                                     20 	.globl _setParam
                                     21 	.globl _incParam
                                     22 	.globl _decParam
                                     23 	.globl _getParamId
                                     24 	.globl _setParamId
                                     25 	.globl _incParamId
                                     26 	.globl _decParamId
                                     27 	.globl _paramToString
                                     28 	.globl _storeParams
                                     29 	.globl _itofpa
                                     30 ;--------------------------------------------------------
                                     31 ; ram data
                                     32 ;--------------------------------------------------------
                                     33 	.area DATA
      000000                         34 _paramId:
      000000                         35 	.ds 1
      000001                         36 _paramCache:
      000001                         37 	.ds 20
                                     38 ;--------------------------------------------------------
                                     39 ; ram data
                                     40 ;--------------------------------------------------------
                                     41 	.area INITIALIZED
                                     42 ;--------------------------------------------------------
                                     43 ; absolute external ram data
                                     44 ;--------------------------------------------------------
                                     45 	.area DABS (ABS)
                                     46 
                                     47 ; default segment ordering for linker
                                     48 	.area HOME
                                     49 	.area GSINIT
                                     50 	.area GSFINAL
                                     51 	.area CONST
                                     52 	.area INITIALIZER
                                     53 	.area CODE
                                     54 
                                     55 ;--------------------------------------------------------
                                     56 ; global & static initialisations
                                     57 ;--------------------------------------------------------
                                     58 	.area HOME
                                     59 	.area GSINIT
                                     60 	.area GSFINAL
                                     61 	.area GSINIT
                                     62 ;--------------------------------------------------------
                                     63 ; Home
                                     64 ;--------------------------------------------------------
                                     65 	.area HOME
                                     66 	.area HOME
                                     67 ;--------------------------------------------------------
                                     68 ; code
                                     69 ;--------------------------------------------------------
                                     70 	.area CODE
                                     71 ;	./params.c: 53: void initParamsEEPROM()
                                     72 ;	-----------------------------------------
                                     73 ;	 function initParamsEEPROM
                                     74 ;	-----------------------------------------
      000000                         75 _initParamsEEPROM:
                                     76 ;	./params.c: 55: if (getButton2() && getButton3() ) {
      000000 CDr00r00         [ 4]   77 	call	_getButton2
      000003 4D               [ 1]   78 	tnz	a
      000004 27 2C            [ 1]   79 	jreq	00104$
      000006 CDr00r00         [ 4]   80 	call	_getButton3
      000009 4D               [ 1]   81 	tnz	a
      00000A 27 26            [ 1]   82 	jreq	00104$
                                     83 ;	./params.c: 57: for (paramId = 0; paramId < 10; paramId++) {
      00000C 72 5Fu00u00      [ 1]   84 	clr	_paramId+0
      000010                         85 00107$:
                                     86 ;	./params.c: 58: paramCache[paramId] = paramDefault[paramId];
      000010 C6u00u00         [ 1]   87 	ld	a, _paramId+0
      000013 5F               [ 1]   88 	clrw	x
      000014 97               [ 1]   89 	ld	xl, a
      000015 58               [ 2]   90 	sllw	x
      000016 90 93            [ 1]   91 	ldw	y, x
      000018 72 A9r00r01      [ 2]   92 	addw	y, #(_paramCache + 0)
      00001C 1Cr00r28         [ 2]   93 	addw	x, #(_paramDefault + 0)
      00001F FE               [ 2]   94 	ldw	x, (x)
      000020 90 FF            [ 2]   95 	ldw	(y), x
                                     96 ;	./params.c: 57: for (paramId = 0; paramId < 10; paramId++) {
      000022 72 5Cu00u00      [ 1]   97 	inc	_paramId+0
      000026 C6u00u00         [ 1]   98 	ld	a, _paramId+0
      000029 A1 0A            [ 1]   99 	cp	a, #0x0a
      00002B 25 E3            [ 1]  100 	jrc	00107$
                                    101 ;	./params.c: 61: storeParams();
      00002D CDr02r64         [ 4]  102 	call	_storeParams
      000030 20 21            [ 2]  103 	jra	00105$
      000032                        104 00104$:
                                    105 ;	./params.c: 64: for (paramId = 0; paramId < 10; paramId++) {
      000032 72 5Fu00u00      [ 1]  106 	clr	_paramId+0
      000036                        107 00109$:
                                    108 ;	./params.c: 65: paramCache[paramId] = * (int*) (EEPROM_BASE_ADDR + EEPROM_PARAMS_OFFSET
      000036 C6u00u00         [ 1]  109 	ld	a, _paramId+0
      000039 5F               [ 1]  110 	clrw	x
      00003A 97               [ 1]  111 	ld	xl, a
      00003B 58               [ 2]  112 	sllw	x
      00003C 90 93            [ 1]  113 	ldw	y, x
      00003E 72 A9r00r01      [ 2]  114 	addw	y, #(_paramCache + 0)
                                    115 ;	./params.c: 66: + (paramId * sizeof paramCache[0]) );
      000042 1C 40 64         [ 2]  116 	addw	x, #0x4064
      000045 FE               [ 2]  117 	ldw	x, (x)
      000046 90 FF            [ 2]  118 	ldw	(y), x
                                    119 ;	./params.c: 64: for (paramId = 0; paramId < 10; paramId++) {
      000048 72 5Cu00u00      [ 1]  120 	inc	_paramId+0
      00004C C6u00u00         [ 1]  121 	ld	a, _paramId+0
      00004F A1 0A            [ 1]  122 	cp	a, #0x0a
      000051 25 E3            [ 1]  123 	jrc	00109$
      000053                        124 00105$:
                                    125 ;	./params.c: 70: paramId = 0;
      000053 72 5Fu00u00      [ 1]  126 	clr	_paramId+0
                                    127 ;	./params.c: 71: }
      000057 81               [ 4]  128 	ret
                                    129 ;	./params.c: 78: int getParamById (unsigned char id)
                                    130 ;	-----------------------------------------
                                    131 ;	 function getParamById
                                    132 ;	-----------------------------------------
      000058                        133 _getParamById:
                                    134 ;	./params.c: 80: if (id < 10) {
      000058 7B 03            [ 1]  135 	ld	a, (0x03, sp)
      00005A A1 0A            [ 1]  136 	cp	a, #0x0a
      00005C 24 0A            [ 1]  137 	jrnc	00102$
                                    138 ;	./params.c: 81: return paramCache[id];
      00005E 7B 03            [ 1]  139 	ld	a, (0x03, sp)
      000060 5F               [ 1]  140 	clrw	x
      000061 97               [ 1]  141 	ld	xl, a
      000062 58               [ 2]  142 	sllw	x
      000063 1Cr00r01         [ 2]  143 	addw	x, #(_paramCache + 0)
      000066 FE               [ 2]  144 	ldw	x, (x)
      000067 81               [ 4]  145 	ret
      000068                        146 00102$:
                                    147 ;	./params.c: 84: return -1;
      000068 5F               [ 1]  148 	clrw	x
      000069 5A               [ 2]  149 	decw	x
                                    150 ;	./params.c: 85: }
      00006A 81               [ 4]  151 	ret
                                    152 ;	./params.c: 92: void setParamById (unsigned char id, int val)
                                    153 ;	-----------------------------------------
                                    154 ;	 function setParamById
                                    155 ;	-----------------------------------------
      00006B                        156 _setParamById:
                                    157 ;	./params.c: 94: if (id < 10) {
      00006B 7B 03            [ 1]  158 	ld	a, (0x03, sp)
      00006D A1 0A            [ 1]  159 	cp	a, #0x0a
      00006F 25 01            [ 1]  160 	jrc	00110$
      000071 81               [ 4]  161 	ret
      000072                        162 00110$:
                                    163 ;	./params.c: 95: paramCache[id] = val;
      000072 7B 03            [ 1]  164 	ld	a, (0x03, sp)
      000074 5F               [ 1]  165 	clrw	x
      000075 97               [ 1]  166 	ld	xl, a
      000076 58               [ 2]  167 	sllw	x
      000077 16 04            [ 2]  168 	ldw	y, (0x04, sp)
      000079 DFu00u01         [ 2]  169 	ldw	((_paramCache + 0), x), y
                                    170 ;	./params.c: 97: }
      00007C 81               [ 4]  171 	ret
                                    172 ;	./params.c: 103: int getParam()
                                    173 ;	-----------------------------------------
                                    174 ;	 function getParam
                                    175 ;	-----------------------------------------
      00007D                        176 _getParam:
                                    177 ;	./params.c: 105: return paramCache[paramId];
      00007D C6u00u00         [ 1]  178 	ld	a, _paramId+0
      000080 5F               [ 1]  179 	clrw	x
      000081 97               [ 1]  180 	ld	xl, a
      000082 58               [ 2]  181 	sllw	x
      000083 1Cr00r01         [ 2]  182 	addw	x, #(_paramCache + 0)
      000086 FE               [ 2]  183 	ldw	x, (x)
                                    184 ;	./params.c: 106: }
      000087 81               [ 4]  185 	ret
                                    186 ;	./params.c: 112: void setParam (int val)
                                    187 ;	-----------------------------------------
                                    188 ;	 function setParam
                                    189 ;	-----------------------------------------
      000088                        190 _setParam:
                                    191 ;	./params.c: 114: paramCache[paramId] = val;
      000088 C6u00u00         [ 1]  192 	ld	a, _paramId+0
      00008B 5F               [ 1]  193 	clrw	x
      00008C 97               [ 1]  194 	ld	xl, a
      00008D 58               [ 2]  195 	sllw	x
      00008E 16 03            [ 2]  196 	ldw	y, (0x03, sp)
      000090 DFu00u01         [ 2]  197 	ldw	((_paramCache + 0), x), y
                                    198 ;	./params.c: 115: }
      000093 81               [ 4]  199 	ret
                                    200 ;	./params.c: 120: void incParam()
                                    201 ;	-----------------------------------------
                                    202 ;	 function incParam
                                    203 ;	-----------------------------------------
      000094                        204 _incParam:
      000094 52 04            [ 2]  205 	sub	sp, #4
                                    206 ;	./params.c: 123: paramCache[paramId] = ~paramCache[paramId] & 0x0001;
      000096 5F               [ 1]  207 	clrw	x
      000097 C6u00u00         [ 1]  208 	ld	a, _paramId+0
      00009A 97               [ 1]  209 	ld	xl, a
      00009B 58               [ 2]  210 	sllw	x
      00009C 51               [ 1]  211 	exgw	x, y
                                    212 ;	./params.c: 122: if (paramId == PARAM_RELAY_MODE || paramId == PARAM_OVERHEAT_INDICATION) {
      00009D 72 5Du00u00      [ 1]  213 	tnz	_paramId+0
      0000A1 27 07            [ 1]  214 	jreq	00103$
      0000A3 C6u00u00         [ 1]  215 	ld	a, _paramId+0
      0000A6 A1 06            [ 1]  216 	cp	a, #0x06
      0000A8 26 11            [ 1]  217 	jrne	00104$
      0000AA                        218 00103$:
                                    219 ;	./params.c: 123: paramCache[paramId] = ~paramCache[paramId] & 0x0001;
      0000AA 72 A9r00r01      [ 2]  220 	addw	y, #(_paramCache + 0)
      0000AE 93               [ 1]  221 	ldw	x, y
      0000AF FE               [ 2]  222 	ldw	x, (x)
      0000B0 53               [ 2]  223 	cplw	x
      0000B1 9F               [ 1]  224 	ld	a, xl
      0000B2 A4 01            [ 1]  225 	and	a, #0x01
      0000B4 97               [ 1]  226 	ld	xl, a
      0000B5 4F               [ 1]  227 	clr	a
      0000B6 95               [ 1]  228 	ld	xh, a
      0000B7 90 FF            [ 2]  229 	ldw	(y), x
      0000B9 20 18            [ 2]  230 	jra	00107$
      0000BB                        231 00104$:
                                    232 ;	./params.c: 124: } else if (paramCache[paramId] < paramMax[paramId]) {
      0000BB 93               [ 1]  233 	ldw	x, y
      0000BC 1Cr00r01         [ 2]  234 	addw	x, #(_paramCache + 0)
      0000BF 1F 01            [ 2]  235 	ldw	(0x01, sp), x
      0000C1 FE               [ 2]  236 	ldw	x, (x)
      0000C2 72 A9r00r14      [ 2]  237 	addw	y, #(_paramMax + 0)
      0000C6 90 FE            [ 2]  238 	ldw	y, (y)
      0000C8 17 03            [ 2]  239 	ldw	(0x03, sp), y
      0000CA 13 03            [ 2]  240 	cpw	x, (0x03, sp)
      0000CC 2E 05            [ 1]  241 	jrsge	00107$
                                    242 ;	./params.c: 125: paramCache[paramId]++;
      0000CE 5C               [ 1]  243 	incw	x
      0000CF 16 01            [ 2]  244 	ldw	y, (0x01, sp)
      0000D1 90 FF            [ 2]  245 	ldw	(y), x
      0000D3                        246 00107$:
                                    247 ;	./params.c: 127: }
      0000D3 5B 04            [ 2]  248 	addw	sp, #4
      0000D5 81               [ 4]  249 	ret
                                    250 ;	./params.c: 132: void decParam()
                                    251 ;	-----------------------------------------
                                    252 ;	 function decParam
                                    253 ;	-----------------------------------------
      0000D6                        254 _decParam:
      0000D6 52 04            [ 2]  255 	sub	sp, #4
                                    256 ;	./params.c: 135: paramCache[paramId] = ~paramCache[paramId] & 0x0001;
      0000D8 5F               [ 1]  257 	clrw	x
      0000D9 C6u00u00         [ 1]  258 	ld	a, _paramId+0
      0000DC 97               [ 1]  259 	ld	xl, a
      0000DD 58               [ 2]  260 	sllw	x
      0000DE 51               [ 1]  261 	exgw	x, y
                                    262 ;	./params.c: 134: if (paramId == PARAM_RELAY_MODE || paramId == PARAM_OVERHEAT_INDICATION) {
      0000DF 72 5Du00u00      [ 1]  263 	tnz	_paramId+0
      0000E3 27 07            [ 1]  264 	jreq	00103$
      0000E5 C6u00u00         [ 1]  265 	ld	a, _paramId+0
      0000E8 A1 06            [ 1]  266 	cp	a, #0x06
      0000EA 26 11            [ 1]  267 	jrne	00104$
      0000EC                        268 00103$:
                                    269 ;	./params.c: 135: paramCache[paramId] = ~paramCache[paramId] & 0x0001;
      0000EC 72 A9r00r01      [ 2]  270 	addw	y, #(_paramCache + 0)
      0000F0 93               [ 1]  271 	ldw	x, y
      0000F1 FE               [ 2]  272 	ldw	x, (x)
      0000F2 53               [ 2]  273 	cplw	x
      0000F3 9F               [ 1]  274 	ld	a, xl
      0000F4 A4 01            [ 1]  275 	and	a, #0x01
      0000F6 97               [ 1]  276 	ld	xl, a
      0000F7 4F               [ 1]  277 	clr	a
      0000F8 95               [ 1]  278 	ld	xh, a
      0000F9 90 FF            [ 2]  279 	ldw	(y), x
      0000FB 20 18            [ 2]  280 	jra	00107$
      0000FD                        281 00104$:
                                    282 ;	./params.c: 136: } else if (paramCache[paramId] > paramMin[paramId]) {
      0000FD 93               [ 1]  283 	ldw	x, y
      0000FE 1Cr00r01         [ 2]  284 	addw	x, #(_paramCache + 0)
      000101 1F 01            [ 2]  285 	ldw	(0x01, sp), x
      000103 FE               [ 2]  286 	ldw	x, (x)
      000104 72 A9r00r00      [ 2]  287 	addw	y, #(_paramMin + 0)
      000108 90 FE            [ 2]  288 	ldw	y, (y)
      00010A 17 03            [ 2]  289 	ldw	(0x03, sp), y
      00010C 13 03            [ 2]  290 	cpw	x, (0x03, sp)
      00010E 2D 05            [ 1]  291 	jrsle	00107$
                                    292 ;	./params.c: 137: paramCache[paramId]--;
      000110 5A               [ 2]  293 	decw	x
      000111 16 01            [ 2]  294 	ldw	y, (0x01, sp)
      000113 90 FF            [ 2]  295 	ldw	(y), x
      000115                        296 00107$:
                                    297 ;	./params.c: 139: }
      000115 5B 04            [ 2]  298 	addw	sp, #4
      000117 81               [ 4]  299 	ret
                                    300 ;	./params.c: 145: unsigned char getParamId()
                                    301 ;	-----------------------------------------
                                    302 ;	 function getParamId
                                    303 ;	-----------------------------------------
      000118                        304 _getParamId:
                                    305 ;	./params.c: 147: return paramId;
      000118 C6u00u00         [ 1]  306 	ld	a, _paramId+0
                                    307 ;	./params.c: 148: }
      00011B 81               [ 4]  308 	ret
                                    309 ;	./params.c: 154: void setParamId (unsigned char val)
                                    310 ;	-----------------------------------------
                                    311 ;	 function setParamId
                                    312 ;	-----------------------------------------
      00011C                        313 _setParamId:
                                    314 ;	./params.c: 156: if (val < 10) {
      00011C 7B 03            [ 1]  315 	ld	a, (0x03, sp)
      00011E A1 0A            [ 1]  316 	cp	a, #0x0a
      000120 25 01            [ 1]  317 	jrc	00110$
      000122 81               [ 4]  318 	ret
      000123                        319 00110$:
                                    320 ;	./params.c: 157: paramId = val;
      000123 7B 03            [ 1]  321 	ld	a, (0x03, sp)
      000125 C7u00u00         [ 1]  322 	ld	_paramId+0, a
                                    323 ;	./params.c: 159: }
      000128 81               [ 4]  324 	ret
                                    325 ;	./params.c: 164: void incParamId()
                                    326 ;	-----------------------------------------
                                    327 ;	 function incParamId
                                    328 ;	-----------------------------------------
      000129                        329 _incParamId:
                                    330 ;	./params.c: 166: if (paramId < 6) {
      000129 C6u00u00         [ 1]  331 	ld	a, _paramId+0
      00012C A1 06            [ 1]  332 	cp	a, #0x06
      00012E 24 05            [ 1]  333 	jrnc	00102$
                                    334 ;	./params.c: 167: paramId++;
      000130 72 5Cu00u00      [ 1]  335 	inc	_paramId+0
      000134 81               [ 4]  336 	ret
      000135                        337 00102$:
                                    338 ;	./params.c: 169: paramId = 0;
      000135 72 5Fu00u00      [ 1]  339 	clr	_paramId+0
                                    340 ;	./params.c: 171: }
      000139 81               [ 4]  341 	ret
                                    342 ;	./params.c: 176: void decParamId()
                                    343 ;	-----------------------------------------
                                    344 ;	 function decParamId
                                    345 ;	-----------------------------------------
      00013A                        346 _decParamId:
                                    347 ;	./params.c: 178: if (paramId > 0) {
      00013A 72 5Du00u00      [ 1]  348 	tnz	_paramId+0
      00013E 27 05            [ 1]  349 	jreq	00102$
                                    350 ;	./params.c: 179: paramId--;
      000140 72 5Au00u00      [ 1]  351 	dec	_paramId+0
      000144 81               [ 4]  352 	ret
      000145                        353 00102$:
                                    354 ;	./params.c: 181: paramId = 6;
      000145 35 06u00u00      [ 1]  355 	mov	_paramId+0, #0x06
                                    356 ;	./params.c: 183: }
      000149 81               [ 4]  357 	ret
                                    358 ;	./params.c: 192: void paramToString (unsigned char id, unsigned char* strBuff)
                                    359 ;	-----------------------------------------
                                    360 ;	 function paramToString
                                    361 ;	-----------------------------------------
      00014A                        362 _paramToString:
      00014A 52 0A            [ 2]  363 	sub	sp, #10
                                    364 ;	./params.c: 197: ( (unsigned char*) strBuff) [0] = 'H';
      00014C 16 0E            [ 2]  365 	ldw	y, (0x0e, sp)
                                    366 ;	./params.c: 229: ( (unsigned char*) strBuff) [1] = 'N';
      00014E 17 01            [ 2]  367 	ldw	(0x01, sp), y
      000150 93               [ 1]  368 	ldw	x, y
      000151 5C               [ 1]  369 	incw	x
      000152 1F 03            [ 2]  370 	ldw	(0x03, sp), x
                                    371 ;	./params.c: 230: ( (unsigned char*) strBuff) [2] = ' ';
      000154 1E 01            [ 2]  372 	ldw	x, (0x01, sp)
      000156 5C               [ 1]  373 	incw	x
      000157 5C               [ 1]  374 	incw	x
      000158 1F 05            [ 2]  375 	ldw	(0x05, sp), x
                                    376 ;	./params.c: 236: ( (unsigned char*) strBuff) [3] = 0;
      00015A 1E 01            [ 2]  377 	ldw	x, (0x01, sp)
      00015C 1C 00 03         [ 2]  378 	addw	x, #0x0003
      00015F 1F 07            [ 2]  379 	ldw	(0x07, sp), x
                                    380 ;	./params.c: 194: switch (id) {
      000161 7B 0D            [ 1]  381 	ld	a, (0x0d, sp)
      000163 A1 09            [ 1]  382 	cp	a, #0x09
      000165 23 03            [ 2]  383 	jrule	00134$
      000167 CCr02r4F         [ 2]  384 	jp	00115$
      00016A                        385 00134$:
                                    386 ;	./params.c: 196: if (paramCache[id]) {
      00016A 5F               [ 1]  387 	clrw	x
      00016B 7B 0D            [ 1]  388 	ld	a, (0x0d, sp)
      00016D 97               [ 1]  389 	ld	xl, a
      00016E 58               [ 2]  390 	sllw	x
      00016F 1F 09            [ 2]  391 	ldw	(0x09, sp), x
                                    392 ;	./params.c: 194: switch (id) {
      000171 5F               [ 1]  393 	clrw	x
      000172 7B 0D            [ 1]  394 	ld	a, (0x0d, sp)
      000174 97               [ 1]  395 	ld	xl, a
      000175 58               [ 2]  396 	sllw	x
      000176 DEu01u7A         [ 2]  397 	ldw	x, (#00135$, x)
      000179 FC               [ 2]  398 	jp	(x)
      00017A                        399 00135$:
      00017Ar01r8E                  400 	.dw	#00101$
      00017Cr01rAB                  401 	.dw	#00105$
      00017Er01rC0                  402 	.dw	#00106$
      000180r01rD5                  403 	.dw	#00107$
      000182r01rE9                  404 	.dw	#00108$
      000184r01rFD                  405 	.dw	#00109$
      000186r02r11                  406 	.dw	#00110$
      000188r02r4F                  407 	.dw	#00115$
      00018Ar02r4F                  408 	.dw	#00115$
      00018Cr02r3B                  409 	.dw	#00114$
                                    410 ;	./params.c: 195: case PARAM_RELAY_MODE:
      00018E                        411 00101$:
                                    412 ;	./params.c: 196: if (paramCache[id]) {
      00018E 1E 09            [ 2]  413 	ldw	x, (0x09, sp)
      000190 1Cr00r01         [ 2]  414 	addw	x, #(_paramCache + 0)
      000193 FE               [ 2]  415 	ldw	x, (x)
      000194 1F 09            [ 2]  416 	ldw	(0x09, sp), x
      000196 27 07            [ 1]  417 	jreq	00103$
                                    418 ;	./params.c: 197: ( (unsigned char*) strBuff) [0] = 'H';
      000198 1E 01            [ 2]  419 	ldw	x, (0x01, sp)
      00019A A6 48            [ 1]  420 	ld	a, #0x48
      00019C F7               [ 1]  421 	ld	(x), a
      00019D 20 05            [ 2]  422 	jra	00104$
      00019F                        423 00103$:
                                    424 ;	./params.c: 199: ( (unsigned char*) strBuff) [0] = 'C';
      00019F 1E 01            [ 2]  425 	ldw	x, (0x01, sp)
      0001A1 A6 43            [ 1]  426 	ld	a, #0x43
      0001A3 F7               [ 1]  427 	ld	(x), a
      0001A4                        428 00104$:
                                    429 ;	./params.c: 202: ( (unsigned char*) strBuff) [1] = 0;
      0001A4 1E 0E            [ 2]  430 	ldw	x, (0x0e, sp)
      0001A6 5C               [ 1]  431 	incw	x
      0001A7 7F               [ 1]  432 	clr	(x)
                                    433 ;	./params.c: 203: break;
      0001A8 CCr02r61         [ 2]  434 	jp	00117$
                                    435 ;	./params.c: 205: case PARAM_RELAY_HYSTERESIS:
      0001AB                        436 00105$:
                                    437 ;	./params.c: 206: itofpa (paramCache[id], strBuff, 0);
      0001AB 1E 09            [ 2]  438 	ldw	x, (0x09, sp)
      0001AD 1Cr00r01         [ 2]  439 	addw	x, #(_paramCache + 0)
      0001B0 FE               [ 2]  440 	ldw	x, (x)
      0001B1 4B 00            [ 1]  441 	push	#0x00
      0001B3 16 0F            [ 2]  442 	ldw	y, (0x0f, sp)
      0001B5 90 89            [ 2]  443 	pushw	y
      0001B7 89               [ 2]  444 	pushw	x
      0001B8 CDr02rB9         [ 4]  445 	call	_itofpa
      0001BB 5B 05            [ 2]  446 	addw	sp, #5
                                    447 ;	./params.c: 207: break;
      0001BD CCr02r61         [ 2]  448 	jp	00117$
                                    449 ;	./params.c: 209: case PARAM_MAX_TEMPERATURE:
      0001C0                        450 00106$:
                                    451 ;	./params.c: 210: itofpa (paramCache[id], strBuff, 6);
      0001C0 1E 09            [ 2]  452 	ldw	x, (0x09, sp)
      0001C2 1Cr00r01         [ 2]  453 	addw	x, #(_paramCache + 0)
      0001C5 FE               [ 2]  454 	ldw	x, (x)
      0001C6 4B 06            [ 1]  455 	push	#0x06
      0001C8 16 0F            [ 2]  456 	ldw	y, (0x0f, sp)
      0001CA 90 89            [ 2]  457 	pushw	y
      0001CC 89               [ 2]  458 	pushw	x
      0001CD CDr02rB9         [ 4]  459 	call	_itofpa
      0001D0 5B 05            [ 2]  460 	addw	sp, #5
                                    461 ;	./params.c: 211: break;
      0001D2 CCr02r61         [ 2]  462 	jp	00117$
                                    463 ;	./params.c: 213: case PARAM_MIN_TEMPERATURE:
      0001D5                        464 00107$:
                                    465 ;	./params.c: 214: itofpa (paramCache[id], strBuff, 6);
      0001D5 1E 09            [ 2]  466 	ldw	x, (0x09, sp)
      0001D7 1Cr00r01         [ 2]  467 	addw	x, #(_paramCache + 0)
      0001DA FE               [ 2]  468 	ldw	x, (x)
      0001DB 4B 06            [ 1]  469 	push	#0x06
      0001DD 16 0F            [ 2]  470 	ldw	y, (0x0f, sp)
      0001DF 90 89            [ 2]  471 	pushw	y
      0001E1 89               [ 2]  472 	pushw	x
      0001E2 CDr02rB9         [ 4]  473 	call	_itofpa
      0001E5 5B 05            [ 2]  474 	addw	sp, #5
                                    475 ;	./params.c: 215: break;
      0001E7 20 78            [ 2]  476 	jra	00117$
                                    477 ;	./params.c: 217: case PARAM_TEMPERATURE_CORRECTION:
      0001E9                        478 00108$:
                                    479 ;	./params.c: 218: itofpa (paramCache[id], strBuff, 0);
      0001E9 1E 09            [ 2]  480 	ldw	x, (0x09, sp)
      0001EB 1Cr00r01         [ 2]  481 	addw	x, #(_paramCache + 0)
      0001EE FE               [ 2]  482 	ldw	x, (x)
      0001EF 4B 00            [ 1]  483 	push	#0x00
      0001F1 16 0F            [ 2]  484 	ldw	y, (0x0f, sp)
      0001F3 90 89            [ 2]  485 	pushw	y
      0001F5 89               [ 2]  486 	pushw	x
      0001F6 CDr02rB9         [ 4]  487 	call	_itofpa
      0001F9 5B 05            [ 2]  488 	addw	sp, #5
                                    489 ;	./params.c: 219: break;
      0001FB 20 64            [ 2]  490 	jra	00117$
                                    491 ;	./params.c: 221: case PARAM_RELAY_DELAY:
      0001FD                        492 00109$:
                                    493 ;	./params.c: 222: itofpa (paramCache[id], strBuff, 6);
      0001FD 1E 09            [ 2]  494 	ldw	x, (0x09, sp)
      0001FF 1Cr00r01         [ 2]  495 	addw	x, #(_paramCache + 0)
      000202 FE               [ 2]  496 	ldw	x, (x)
      000203 4B 06            [ 1]  497 	push	#0x06
      000205 16 0F            [ 2]  498 	ldw	y, (0x0f, sp)
      000207 90 89            [ 2]  499 	pushw	y
      000209 89               [ 2]  500 	pushw	x
      00020A CDr02rB9         [ 4]  501 	call	_itofpa
      00020D 5B 05            [ 2]  502 	addw	sp, #5
                                    503 ;	./params.c: 223: break;
      00020F 20 50            [ 2]  504 	jra	00117$
                                    505 ;	./params.c: 225: case PARAM_OVERHEAT_INDICATION:
      000211                        506 00110$:
                                    507 ;	./params.c: 226: ( (unsigned char*) strBuff) [0] = 'O';
      000211 1E 01            [ 2]  508 	ldw	x, (0x01, sp)
      000213 A6 4F            [ 1]  509 	ld	a, #0x4f
      000215 F7               [ 1]  510 	ld	(x), a
                                    511 ;	./params.c: 228: if (paramCache[id]) {
      000216 1E 09            [ 2]  512 	ldw	x, (0x09, sp)
      000218 1Cr00r01         [ 2]  513 	addw	x, #(_paramCache + 0)
      00021B FE               [ 2]  514 	ldw	x, (x)
      00021C 1F 09            [ 2]  515 	ldw	(0x09, sp), x
      00021E 27 0C            [ 1]  516 	jreq	00112$
                                    517 ;	./params.c: 229: ( (unsigned char*) strBuff) [1] = 'N';
      000220 1E 03            [ 2]  518 	ldw	x, (0x03, sp)
      000222 A6 4E            [ 1]  519 	ld	a, #0x4e
      000224 F7               [ 1]  520 	ld	(x), a
                                    521 ;	./params.c: 230: ( (unsigned char*) strBuff) [2] = ' ';
      000225 1E 05            [ 2]  522 	ldw	x, (0x05, sp)
      000227 A6 20            [ 1]  523 	ld	a, #0x20
      000229 F7               [ 1]  524 	ld	(x), a
      00022A 20 0A            [ 2]  525 	jra	00113$
      00022C                        526 00112$:
                                    527 ;	./params.c: 232: ( (unsigned char*) strBuff) [1] = 'F';
      00022C 1E 03            [ 2]  528 	ldw	x, (0x03, sp)
      00022E A6 46            [ 1]  529 	ld	a, #0x46
      000230 F7               [ 1]  530 	ld	(x), a
                                    531 ;	./params.c: 233: ( (unsigned char*) strBuff) [2] = 'F';
      000231 1E 05            [ 2]  532 	ldw	x, (0x05, sp)
      000233 A6 46            [ 1]  533 	ld	a, #0x46
      000235 F7               [ 1]  534 	ld	(x), a
      000236                        535 00113$:
                                    536 ;	./params.c: 236: ( (unsigned char*) strBuff) [3] = 0;
      000236 1E 07            [ 2]  537 	ldw	x, (0x07, sp)
      000238 7F               [ 1]  538 	clr	(x)
                                    539 ;	./params.c: 237: break;
      000239 20 26            [ 2]  540 	jra	00117$
                                    541 ;	./params.c: 239: case PARAM_THRESHOLD:
      00023B                        542 00114$:
                                    543 ;	./params.c: 240: itofpa (paramCache[id], strBuff, 0);
      00023B 1E 09            [ 2]  544 	ldw	x, (0x09, sp)
      00023D 1Cr00r01         [ 2]  545 	addw	x, #(_paramCache + 0)
      000240 FE               [ 2]  546 	ldw	x, (x)
      000241 4B 00            [ 1]  547 	push	#0x00
      000243 16 0F            [ 2]  548 	ldw	y, (0x0f, sp)
      000245 90 89            [ 2]  549 	pushw	y
      000247 89               [ 2]  550 	pushw	x
      000248 CDr02rB9         [ 4]  551 	call	_itofpa
      00024B 5B 05            [ 2]  552 	addw	sp, #5
                                    553 ;	./params.c: 241: break;
      00024D 20 12            [ 2]  554 	jra	00117$
                                    555 ;	./params.c: 243: default: // Display "OFF" to all unknown ID
      00024F                        556 00115$:
                                    557 ;	./params.c: 244: ( (unsigned char*) strBuff) [0] = 'O';
      00024F 1E 01            [ 2]  558 	ldw	x, (0x01, sp)
      000251 A6 4F            [ 1]  559 	ld	a, #0x4f
      000253 F7               [ 1]  560 	ld	(x), a
                                    561 ;	./params.c: 245: ( (unsigned char*) strBuff) [1] = 'F';
      000254 1E 03            [ 2]  562 	ldw	x, (0x03, sp)
      000256 A6 46            [ 1]  563 	ld	a, #0x46
      000258 F7               [ 1]  564 	ld	(x), a
                                    565 ;	./params.c: 246: ( (unsigned char*) strBuff) [2] = 'F';
      000259 1E 05            [ 2]  566 	ldw	x, (0x05, sp)
      00025B A6 46            [ 1]  567 	ld	a, #0x46
      00025D F7               [ 1]  568 	ld	(x), a
                                    569 ;	./params.c: 247: ( (unsigned char*) strBuff) [3] = 0;
      00025E 1E 07            [ 2]  570 	ldw	x, (0x07, sp)
      000260 7F               [ 1]  571 	clr	(x)
                                    572 ;	./params.c: 248: }
      000261                        573 00117$:
                                    574 ;	./params.c: 249: }
      000261 5B 0A            [ 2]  575 	addw	sp, #10
      000263 81               [ 4]  576 	ret
                                    577 ;	./params.c: 254: void storeParams()
                                    578 ;	-----------------------------------------
                                    579 ;	 function storeParams
                                    580 ;	-----------------------------------------
      000264                        581 _storeParams:
      000264 52 02            [ 2]  582 	sub	sp, #2
                                    583 ;	./params.c: 259: if ( (FLASH_IAPSR & 0x08) == 0) {
      000266 C6 50 5F         [ 1]  584 	ld	a, 0x505f
      000269 A5 08            [ 1]  585 	bcp	a, #0x08
      00026B 26 08            [ 1]  586 	jrne	00112$
                                    587 ;	./params.c: 260: FLASH_DUKR = 0xAE;
      00026D 35 AE 50 64      [ 1]  588 	mov	0x5064+0, #0xae
                                    589 ;	./params.c: 261: FLASH_DUKR = 0x56;
      000271 35 56 50 64      [ 1]  590 	mov	0x5064+0, #0x56
                                    591 ;	./params.c: 265: for (i = 0; i < 10; i++) {
      000275                        592 00112$:
      000275 4F               [ 1]  593 	clr	a
      000276                        594 00106$:
                                    595 ;	./params.c: 266: if (paramCache[i] != (* (int*) (EEPROM_BASE_ADDR + EEPROM_PARAMS_OFFSET
      000276 5F               [ 1]  596 	clrw	x
      000277 97               [ 1]  597 	ld	xl, a
      000278 58               [ 2]  598 	sllw	x
      000279 90 93            [ 1]  599 	ldw	y, x
      00027B 1Cr00r01         [ 2]  600 	addw	x, #(_paramCache + 0)
      00027E FE               [ 2]  601 	ldw	x, (x)
      00027F 1F 01            [ 2]  602 	ldw	(0x01, sp), x
                                    603 ;	./params.c: 267: + (i * sizeof paramCache[0]) ) ) ) {
      000281 72 A9 40 64      [ 2]  604 	addw	y, #0x4064
      000285 93               [ 1]  605 	ldw	x, y
      000286 FE               [ 2]  606 	ldw	x, (x)
      000287 13 01            [ 2]  607 	cpw	x, (0x01, sp)
      000289 27 04            [ 1]  608 	jreq	00107$
                                    609 ;	./params.c: 269: + (i * sizeof paramCache[0]) ) = paramCache[i];
      00028B 93               [ 1]  610 	ldw	x, y
      00028C 16 01            [ 2]  611 	ldw	y, (0x01, sp)
      00028E FF               [ 2]  612 	ldw	(x), y
      00028F                        613 00107$:
                                    614 ;	./params.c: 265: for (i = 0; i < 10; i++) {
      00028F 4C               [ 1]  615 	inc	a
      000290 A1 0A            [ 1]  616 	cp	a, #0x0a
      000292 25 E2            [ 1]  617 	jrc	00106$
                                    618 ;	./params.c: 274: FLASH_IAPSR &= ~0x08;
      000294 72 17 50 5F      [ 1]  619 	bres	20575, #3
                                    620 ;	./params.c: 275: }
      000298 5B 02            [ 2]  621 	addw	sp, #2
      00029A 81               [ 4]  622 	ret
                                    623 ;	./params.c: 281: static void writeEEPROM (unsigned char val, unsigned char offset)
                                    624 ;	-----------------------------------------
                                    625 ;	 function writeEEPROM
                                    626 ;	-----------------------------------------
      00029B                        627 _writeEEPROM:
                                    628 ;	./params.c: 284: if ( (FLASH_IAPSR & 0x08) == 0) {
      00029B C6 50 5F         [ 1]  629 	ld	a, 0x505f
      00029E A5 08            [ 1]  630 	bcp	a, #0x08
      0002A0 26 08            [ 1]  631 	jrne	00102$
                                    632 ;	./params.c: 285: FLASH_DUKR = 0xAE;
      0002A2 35 AE 50 64      [ 1]  633 	mov	0x5064+0, #0xae
                                    634 ;	./params.c: 286: FLASH_DUKR = 0x56;
      0002A6 35 56 50 64      [ 1]  635 	mov	0x5064+0, #0x56
      0002AA                        636 00102$:
                                    637 ;	./params.c: 290: (* (unsigned char*) (EEPROM_BASE_ADDR + offset) ) = val;
      0002AA 7B 04            [ 1]  638 	ld	a, (0x04, sp)
      0002AC 5F               [ 1]  639 	clrw	x
      0002AD 1C 40 00         [ 2]  640 	addw	x, #16384
      0002B0 97               [ 1]  641 	ld	xl, a
      0002B1 7B 03            [ 1]  642 	ld	a, (0x03, sp)
      0002B3 F7               [ 1]  643 	ld	(x), a
                                    644 ;	./params.c: 293: FLASH_IAPSR &= ~0x08;
      0002B4 72 17 50 5F      [ 1]  645 	bres	20575, #3
                                    646 ;	./params.c: 294: }
      0002B8 81               [ 4]  647 	ret
                                    648 ;	./params.c: 308: void itofpa (int val, unsigned char* str, unsigned char pointPosition)
                                    649 ;	-----------------------------------------
                                    650 ;	 function itofpa
                                    651 ;	-----------------------------------------
      0002B9                        652 _itofpa:
      0002B9 52 0D            [ 2]  653 	sub	sp, #13
                                    654 ;	./params.c: 310: unsigned char i, l, buffer[] = {0, 0, 0, 0, 0, 0};
      0002BB 0F 01            [ 1]  655 	clr	(0x01, sp)
      0002BD 96               [ 1]  656 	ldw	x, sp
      0002BE 6F 02            [ 1]  657 	clr	(2, x)
      0002C0 96               [ 1]  658 	ldw	x, sp
      0002C1 6F 03            [ 1]  659 	clr	(3, x)
      0002C3 96               [ 1]  660 	ldw	x, sp
      0002C4 6F 04            [ 1]  661 	clr	(4, x)
      0002C6 96               [ 1]  662 	ldw	x, sp
      0002C7 6F 05            [ 1]  663 	clr	(5, x)
      0002C9 96               [ 1]  664 	ldw	x, sp
      0002CA 6F 06            [ 1]  665 	clr	(6, x)
                                    666 ;	./params.c: 311: bool minus = false;
      0002CC 0F 07            [ 1]  667 	clr	(0x07, sp)
                                    668 ;	./params.c: 314: if (val == 0) {
      0002CE 1E 10            [ 2]  669 	ldw	x, (0x10, sp)
      0002D0 26 0A            [ 1]  670 	jrne	00102$
                                    671 ;	./params.c: 315: ( (unsigned char*) str) [0] = '0';
      0002D2 1E 12            [ 2]  672 	ldw	x, (0x12, sp)
      0002D4 A6 30            [ 1]  673 	ld	a, #0x30
      0002D6 F7               [ 1]  674 	ld	(x), a
                                    675 ;	./params.c: 316: ( (unsigned char*) str) [1] = 0;
      0002D7 5C               [ 1]  676 	incw	x
      0002D8 7F               [ 1]  677 	clr	(x)
                                    678 ;	./params.c: 317: return;
      0002D9 CCr03rB8         [ 2]  679 	jp	00119$
      0002DC                        680 00102$:
                                    681 ;	./params.c: 321: if (val < 0) {
      0002DC 0D 10            [ 1]  682 	tnz	(0x10, sp)
      0002DE 2A 09            [ 1]  683 	jrpl	00104$
                                    684 ;	./params.c: 322: minus = true;
      0002E0 A6 01            [ 1]  685 	ld	a, #0x01
      0002E2 6B 07            [ 1]  686 	ld	(0x07, sp), a
                                    687 ;	./params.c: 323: val = -val;
      0002E4 1E 10            [ 2]  688 	ldw	x, (0x10, sp)
      0002E6 50               [ 2]  689 	negw	x
      0002E7 1F 10            [ 2]  690 	ldw	(0x10, sp), x
      0002E9                        691 00104$:
                                    692 ;	./params.c: 327: for (i = 0; val != 0; i++) {
      0002E9 0F 0D            [ 1]  693 	clr	(0x0d, sp)
      0002EB                        694 00114$:
                                    695 ;	./params.c: 328: buffer[i] = '0' + (val % 10);
      0002EB 5F               [ 1]  696 	clrw	x
      0002EC 7B 0D            [ 1]  697 	ld	a, (0x0d, sp)
      0002EE 97               [ 1]  698 	ld	xl, a
      0002EF 89               [ 2]  699 	pushw	x
      0002F0 96               [ 1]  700 	ldw	x, sp
      0002F1 1C 00 03         [ 2]  701 	addw	x, #3
      0002F4 72 FB 01         [ 2]  702 	addw	x, (1, sp)
      0002F7 1F 0A            [ 2]  703 	ldw	(0x0a, sp), x
      0002F9 5B 02            [ 2]  704 	addw	sp, #2
                                    705 ;	./params.c: 331: i++;
      0002FB 7B 0D            [ 1]  706 	ld	a, (0x0d, sp)
      0002FD 4C               [ 1]  707 	inc	a
      0002FE 6B 0A            [ 1]  708 	ld	(0x0a, sp), a
                                    709 ;	./params.c: 327: for (i = 0; val != 0; i++) {
      000300 1E 10            [ 2]  710 	ldw	x, (0x10, sp)
      000302 27 43            [ 1]  711 	jreq	00107$
                                    712 ;	./params.c: 328: buffer[i] = '0' + (val % 10);
      000304 4B 0A            [ 1]  713 	push	#0x0a
      000306 4B 00            [ 1]  714 	push	#0x00
      000308 1E 12            [ 2]  715 	ldw	x, (0x12, sp)
      00030A 89               [ 2]  716 	pushw	x
      00030B CDr00r00         [ 4]  717 	call	__modsint
      00030E 5B 04            [ 2]  718 	addw	sp, #4
      000310 9F               [ 1]  719 	ld	a, xl
      000311 AB 30            [ 1]  720 	add	a, #0x30
      000313 1E 08            [ 2]  721 	ldw	x, (0x08, sp)
      000315 F7               [ 1]  722 	ld	(x), a
                                    723 ;	./params.c: 330: if (i == pointPosition) {
      000316 7B 0D            [ 1]  724 	ld	a, (0x0d, sp)
      000318 11 14            [ 1]  725 	cp	a, (0x14, sp)
      00031A 26 19            [ 1]  726 	jrne	00106$
                                    727 ;	./params.c: 331: i++;
      00031C 7B 0A            [ 1]  728 	ld	a, (0x0a, sp)
      00031E 6B 0D            [ 1]  729 	ld	(0x0d, sp), a
                                    730 ;	./params.c: 332: buffer[i] = '.';
      000320 5F               [ 1]  731 	clrw	x
      000321 7B 0D            [ 1]  732 	ld	a, (0x0d, sp)
      000323 97               [ 1]  733 	ld	xl, a
      000324 89               [ 2]  734 	pushw	x
      000325 96               [ 1]  735 	ldw	x, sp
      000326 1C 00 03         [ 2]  736 	addw	x, #3
      000329 72 FB 01         [ 2]  737 	addw	x, (1, sp)
      00032C 1F 0D            [ 2]  738 	ldw	(0x0d, sp), x
      00032E 5B 02            [ 2]  739 	addw	sp, #2
      000330 1E 0B            [ 2]  740 	ldw	x, (0x0b, sp)
      000332 A6 2E            [ 1]  741 	ld	a, #0x2e
      000334 F7               [ 1]  742 	ld	(x), a
      000335                        743 00106$:
                                    744 ;	./params.c: 335: val /= 10;
      000335 4B 0A            [ 1]  745 	push	#0x0a
      000337 4B 00            [ 1]  746 	push	#0x00
      000339 1E 12            [ 2]  747 	ldw	x, (0x12, sp)
      00033B 89               [ 2]  748 	pushw	x
      00033C CDr00r00         [ 4]  749 	call	__divsint
      00033F 5B 04            [ 2]  750 	addw	sp, #4
      000341 1F 10            [ 2]  751 	ldw	(0x10, sp), x
                                    752 ;	./params.c: 327: for (i = 0; val != 0; i++) {
      000343 0C 0D            [ 1]  753 	inc	(0x0d, sp)
      000345 20 A4            [ 2]  754 	jra	00114$
      000347                        755 00107$:
                                    756 ;	./params.c: 339: if (buffer[i - 1] == '.') {
      000347 7B 0D            [ 1]  757 	ld	a, (0x0d, sp)
      000349 4A               [ 1]  758 	dec	a
      00034A 6B 0C            [ 1]  759 	ld	(0x0c, sp), a
      00034C 49               [ 1]  760 	rlc	a
      00034D 4F               [ 1]  761 	clr	a
      00034E A2 00            [ 1]  762 	sbc	a, #0x00
      000350 6B 0B            [ 1]  763 	ld	(0x0b, sp), a
      000352 96               [ 1]  764 	ldw	x, sp
      000353 1C 00 01         [ 2]  765 	addw	x, #1
      000356 72 FB 0B         [ 2]  766 	addw	x, (0x0b, sp)
      000359 F6               [ 1]  767 	ld	a, (x)
      00035A A1 2E            [ 1]  768 	cp	a, #0x2e
      00035C 26 09            [ 1]  769 	jrne	00109$
                                    770 ;	./params.c: 340: buffer[i] = '0';
      00035E 1E 08            [ 2]  771 	ldw	x, (0x08, sp)
      000360 A6 30            [ 1]  772 	ld	a, #0x30
      000362 F7               [ 1]  773 	ld	(x), a
                                    774 ;	./params.c: 341: i++;
      000363 7B 0A            [ 1]  775 	ld	a, (0x0a, sp)
      000365 6B 0D            [ 1]  776 	ld	(0x0d, sp), a
      000367                        777 00109$:
                                    778 ;	./params.c: 345: if (minus) {
      000367 0D 07            [ 1]  779 	tnz	(0x07, sp)
      000369 27 13            [ 1]  780 	jreq	00111$
                                    781 ;	./params.c: 346: buffer[i] = '-';
      00036B 5F               [ 1]  782 	clrw	x
      00036C 7B 0D            [ 1]  783 	ld	a, (0x0d, sp)
      00036E 97               [ 1]  784 	ld	xl, a
      00036F 89               [ 2]  785 	pushw	x
      000370 96               [ 1]  786 	ldw	x, sp
      000371 1C 00 03         [ 2]  787 	addw	x, #3
      000374 72 FB 01         [ 2]  788 	addw	x, (1, sp)
      000377 5B 02            [ 2]  789 	addw	sp, #2
      000379 A6 2D            [ 1]  790 	ld	a, #0x2d
      00037B F7               [ 1]  791 	ld	(x), a
                                    792 ;	./params.c: 347: i++;
      00037C 0C 0D            [ 1]  793 	inc	(0x0d, sp)
      00037E                        794 00111$:
                                    795 ;	./params.c: 351: for (l = i; i > 0; i--) {
      00037E 7B 0D            [ 1]  796 	ld	a, (0x0d, sp)
      000380 6B 0C            [ 1]  797 	ld	(0x0c, sp), a
      000382                        798 00117$:
      000382 0D 0D            [ 1]  799 	tnz	(0x0d, sp)
      000384 27 2A            [ 1]  800 	jreq	00112$
                                    801 ;	./params.c: 352: ( (unsigned char*) str) [l - i] = buffer[i - 1];
      000386 5F               [ 1]  802 	clrw	x
      000387 7B 0C            [ 1]  803 	ld	a, (0x0c, sp)
      000389 97               [ 1]  804 	ld	xl, a
      00038A 7B 0D            [ 1]  805 	ld	a, (0x0d, sp)
      00038C 6B 0B            [ 1]  806 	ld	(0x0b, sp), a
      00038E 0F 0A            [ 1]  807 	clr	(0x0a, sp)
      000390 72 F0 0A         [ 2]  808 	subw	x, (0x0a, sp)
      000393 72 FB 12         [ 2]  809 	addw	x, (0x12, sp)
      000396 51               [ 1]  810 	exgw	x, y
      000397 7B 0D            [ 1]  811 	ld	a, (0x0d, sp)
      000399 4A               [ 1]  812 	dec	a
      00039A 6B 0B            [ 1]  813 	ld	(0x0b, sp), a
      00039C 49               [ 1]  814 	rlc	a
      00039D 4F               [ 1]  815 	clr	a
      00039E A2 00            [ 1]  816 	sbc	a, #0x00
      0003A0 6B 0A            [ 1]  817 	ld	(0x0a, sp), a
      0003A2 96               [ 1]  818 	ldw	x, sp
      0003A3 1C 00 01         [ 2]  819 	addw	x, #1
      0003A6 72 FB 0A         [ 2]  820 	addw	x, (0x0a, sp)
      0003A9 F6               [ 1]  821 	ld	a, (x)
      0003AA 90 F7            [ 1]  822 	ld	(y), a
                                    823 ;	./params.c: 351: for (l = i; i > 0; i--) {
      0003AC 0A 0D            [ 1]  824 	dec	(0x0d, sp)
      0003AE 20 D2            [ 2]  825 	jra	00117$
      0003B0                        826 00112$:
                                    827 ;	./params.c: 356: ( (unsigned char*) str) [l] = 0;
      0003B0 5F               [ 1]  828 	clrw	x
      0003B1 7B 0C            [ 1]  829 	ld	a, (0x0c, sp)
      0003B3 97               [ 1]  830 	ld	xl, a
      0003B4 72 FB 12         [ 2]  831 	addw	x, (0x12, sp)
      0003B7 7F               [ 1]  832 	clr	(x)
      0003B8                        833 00119$:
                                    834 ;	./params.c: 357: }
      0003B8 5B 0D            [ 2]  835 	addw	sp, #13
      0003BA 81               [ 4]  836 	ret
                                    837 	.area CODE
                                    838 	.area CONST
      000000                        839 _paramMin:
      000000 00 00                  840 	.dw #0x0000
      000002 00 01                  841 	.dw #0x0001
      000004 FF D3                  842 	.dw #0xffd3
      000006 FF CE                  843 	.dw #0xffce
      000008 FF BA                  844 	.dw #0xffba
      00000A 00 00                  845 	.dw #0x0000
      00000C 00 00                  846 	.dw #0x0000
      00000E 00 00                  847 	.dw #0x0000
      000010 00 00                  848 	.dw #0x0000
      000012 FE 0C                  849 	.dw #0xfe0c
      000014                        850 _paramMax:
      000014 00 01                  851 	.dw #0x0001
      000016 00 96                  852 	.dw #0x0096
      000018 00 6E                  853 	.dw #0x006e
      00001A 00 69                  854 	.dw #0x0069
      00001C 00 46                  855 	.dw #0x0046
      00001E 00 0A                  856 	.dw #0x000a
      000020 00 01                  857 	.dw #0x0001
      000022 00 00                  858 	.dw #0x0000
      000024 00 00                  859 	.dw #0x0000
      000026 04 4C                  860 	.dw #0x044c
      000028                        861 _paramDefault:
      000028 00 00                  862 	.dw #0x0000
      00002A 00 14                  863 	.dw #0x0014
      00002C 00 6E                  864 	.dw #0x006e
      00002E FF CE                  865 	.dw #0xffce
      000030 00 00                  866 	.dw #0x0000
      000032 00 00                  867 	.dw #0x0000
      000034 00 00                  868 	.dw #0x0000
      000036 00 00                  869 	.dw #0x0000
      000038 00 00                  870 	.dw #0x0000
      00003A 01 18                  871 	.dw #0x0118
                                    872 	.area INITIALIZER
                                    873 	.area CABS (ABS)
