C51 COMPILER V9.60.0.0   MAIN                                                              01/05/2021 11:48:47 PAGE 1   


C51 COMPILER V9.60.0.0, COMPILATION OF MODULE MAIN
OBJECT MODULE PLACED IN .\Objects\main.obj
COMPILER INVOKED BY: C:\SoftWare\Keil\C51\BIN\C51.EXE ..\user\main.c OPTIMIZE(8,SPEED) BROWSE DEBUG OBJECTEXTEND PRINT(.
                    -\Listings\main.lst) OBJECT(.\Objects\main.obj)

line level    source

   1          //RST-External reset debounce
   2          #define ALLOCATE_EXTERN
   3          #include "HC89S003F4.h"
   4          
   5          unsigned char guc_Count = 0;           //IO Count
   6          void Delay_ms(unsigned int fui_i);         //Delay function
   7          
   8          /***************************************************************************************
   9            * @Function   After the system is powered on, P00 flips 5 times. If the reset button is pressed, 
  10                          the system resets, and P00 flips again
  11            * @Note           Need to set P27 port as reset pin in code option
  12          ***************************************************************************************/
  13          void main()
  14          {
  15   1      /************************************System initialization ****************************************/
  16   1              WDTCCR = 0x00;                                          //Close watchdog
  17   1                                        //In this example, the watchdog is closed for the convenience of testing. 
  18   1                                        //In practical use, it is recommended to open the watchdog. See WDT Reset examp
             -le for details
  19   1              
  20   1              CLKSWR = 0x51;                                          //Select internal RC32M as system clock, RC32M/2, Fosc=16MHz
  21   1              CLKDIV = 0x01;                                          //Fosc/1,Fcpu=16MHz 
  22   1              P0M0 = P0M0&0xF0|0x08;                          //Set P00 as push-pull output
  23   1      /**********************************External reset initialization**************************************/   
             - 
  24   1              //External reset debounce time calculation = RSTDBC[7:0] * 8Tcpu + 2Tcpu
  25   1              //                                         = 255 * 8 * 0.0625us + 2 * 0.0625us
  26   1              //                                         = 127.625us
  27   1          
  28   1              RSTDBC = 0xFF;                                                //Set the external reset debounce time to 127.625us
  29   1              for(guc_Count=0;guc_Count<10;guc_Count++)
  30   1              {
  31   2                      P0_0 =~ P0_0;
  32   2                      Delay_ms(250);
  33   2              }
  34   1              while(1);
  35   1      }
  36          
  37          /**
  38            * Delay function 
  39            * Fcpu = 16MHz,fui_i = 1,The delay time is about 1Ms
  40            */
  41          void Delay_ms(unsigned int fui_i)
  42          {
  43   1              unsigned int fui_j;
  44   1              for(;fui_i > 0;fui_i --)
  45   1              for(fui_j = 1596;fui_j > 0;fui_j --);
  46   1      }


MODULE INFORMATION:   STATIC OVERLAYABLE
   CODE SIZE        =     87    ----
   CONSTANT SIZE    =   ----    ----
   XDATA SIZE       =   ----    ----
C51 COMPILER V9.60.0.0   MAIN                                                              01/05/2021 11:48:47 PAGE 2   

   PDATA SIZE       =   ----    ----
   DATA SIZE        =      1    ----
   IDATA SIZE       =   ----    ----
   BIT SIZE         =   ----    ----
END OF MODULE INFORMATION.


C51 COMPILATION COMPLETE.  0 WARNING(S),  0 ERROR(S)
