                                      1 ;--------------------------------------------------------
                                      2 ; File Created by SDCC : free open source ANSI-C Compiler
                                      3 ; Version 4.0.0 #11528 (Linux)
                                      4 ;--------------------------------------------------------
                                      5 	.module adc
                                      6 	.optsdcc -mstm8
                                      7 	
                                      8 ;--------------------------------------------------------
                                      9 ; Public variables in this module
                                     10 ;--------------------------------------------------------
                                     11 	.globl _rawAdc
                                     12 	.globl _getParamById
                                     13 	.globl _initADC
                                     14 	.globl _startADC
                                     15 	.globl _getAdcResult
                                     16 	.globl _getAdcAveraged
                                     17 	.globl _getTemperature
                                     18 	.globl _ADC1_EOC_handler
                                     19 	.globl _getSensorFail
                                     20 ;--------------------------------------------------------
                                     21 ; ram data
                                     22 ;--------------------------------------------------------
                                     23 	.area DATA
      000000                         24 _result:
      000000                         25 	.ds 2
      000002                         26 _result_fail:
      000002                         27 	.ds 4
      000006                         28 _averaged:
      000006                         29 	.ds 4
                                     30 ;--------------------------------------------------------
                                     31 ; ram data
                                     32 ;--------------------------------------------------------
                                     33 	.area INITIALIZED
                                     34 ;--------------------------------------------------------
                                     35 ; absolute external ram data
                                     36 ;--------------------------------------------------------
                                     37 	.area DABS (ABS)
                                     38 
                                     39 ; default segment ordering for linker
                                     40 	.area HOME
                                     41 	.area GSINIT
                                     42 	.area GSFINAL
                                     43 	.area CONST
                                     44 	.area INITIALIZER
                                     45 	.area CODE
                                     46 
                                     47 ;--------------------------------------------------------
                                     48 ; global & static initialisations
                                     49 ;--------------------------------------------------------
                                     50 	.area HOME
                                     51 	.area GSINIT
                                     52 	.area GSFINAL
                                     53 	.area GSINIT
                                     54 ;--------------------------------------------------------
                                     55 ; Home
                                     56 ;--------------------------------------------------------
                                     57 	.area HOME
                                     58 	.area HOME
                                     59 ;--------------------------------------------------------
                                     60 ; code
                                     61 ;--------------------------------------------------------
                                     62 	.area CODE
                                     63 ;	./adc.c: 174: void initADC()
                                     64 ;	-----------------------------------------
                                     65 ;	 function initADC
                                     66 ;	-----------------------------------------
      000000                         67 _initADC:
                                     68 ;	./adc.c: 176: ADC_CR1 |= 0x70;    // Prescaler f/18 (SPSEL)
      000000 C6 54 01         [ 1]   69 	ld	a, 0x5401
      000003 AA 70            [ 1]   70 	or	a, #0x70
      000005 C7 54 01         [ 1]   71 	ld	0x5401, a
                                     72 ;	./adc.c: 177: ADC_CSR |= 0x06;    // select AIN6
      000008 C6 54 00         [ 1]   73 	ld	a, 0x5400
      00000B AA 06            [ 1]   74 	or	a, #0x06
                                     75 ;	./adc.c: 178: ADC_CSR |= 0x20;    // Interrupt enable (EOCIE)
      00000D C7 54 00         [ 1]   76 	ld	0x5400, a
      000010 AA 20            [ 1]   77 	or	a, #0x20
      000012 C7 54 00         [ 1]   78 	ld	0x5400, a
                                     79 ;	./adc.c: 179: ADC_CR1 |= 0x01;    // Power up ADC
      000015 72 10 54 01      [ 1]   80 	bset	21505, #0
                                     81 ;	./adc.c: 180: result = 0;
      000019 5F               [ 1]   82 	clrw	x
      00001A CFu00u00         [ 2]   83 	ldw	_result+0, x
                                     84 ;	./adc.c: 181: averaged = 0;
      00001D 5F               [ 1]   85 	clrw	x
      00001E CFu00u08         [ 2]   86 	ldw	_averaged+2, x
      000021 CFu00u06         [ 2]   87 	ldw	_averaged+0, x
                                     88 ;	./adc.c: 182: }
      000024 81               [ 4]   89 	ret
                                     90 ;	./adc.c: 187: void startADC()
                                     91 ;	-----------------------------------------
                                     92 ;	 function startADC
                                     93 ;	-----------------------------------------
      000025                         94 _startADC:
                                     95 ;	./adc.c: 189: ADC_CR1 |= 0x01;
      000025 72 10 54 01      [ 1]   96 	bset	21505, #0
                                     97 ;	./adc.c: 190: }
      000029 81               [ 4]   98 	ret
                                     99 ;	./adc.c: 196: unsigned int getAdcResult()
                                    100 ;	-----------------------------------------
                                    101 ;	 function getAdcResult
                                    102 ;	-----------------------------------------
      00002A                        103 _getAdcResult:
                                    104 ;	./adc.c: 198: return result;
      00002A CEu00u00         [ 2]  105 	ldw	x, _result+0
                                    106 ;	./adc.c: 199: }
      00002D 81               [ 4]  107 	ret
                                    108 ;	./adc.c: 206: unsigned int getAdcAveraged()
                                    109 ;	-----------------------------------------
                                    110 ;	 function getAdcAveraged
                                    111 ;	-----------------------------------------
      00002E                        112 _getAdcAveraged:
                                    113 ;	./adc.c: 208: return (unsigned int) (averaged >> ADC_AVERAGING_BITS);
      00002E CEu00u08         [ 2]  114 	ldw	x, _averaged+2
      000031 90 CEu00u06      [ 2]  115 	ldw	y, _averaged+0
      000035 90 54            [ 2]  116 	srlw	y
      000037 56               [ 2]  117 	rrcw	x
      000038 90 54            [ 2]  118 	srlw	y
      00003A 56               [ 2]  119 	rrcw	x
      00003B 90 54            [ 2]  120 	srlw	y
      00003D 56               [ 2]  121 	rrcw	x
      00003E 90 54            [ 2]  122 	srlw	y
      000040 56               [ 2]  123 	rrcw	x
                                    124 ;	./adc.c: 209: }
      000041 81               [ 4]  125 	ret
                                    126 ;	./adc.c: 216: int getTemperature()
                                    127 ;	-----------------------------------------
                                    128 ;	 function getTemperature
                                    129 ;	-----------------------------------------
      000042                        130 _getTemperature:
      000042 52 08            [ 2]  131 	sub	sp, #8
                                    132 ;	./adc.c: 218: unsigned int val = averaged >> ADC_AVERAGING_BITS;
      000044 CEu00u08         [ 2]  133 	ldw	x, _averaged+2
      000047 90 CEu00u06      [ 2]  134 	ldw	y, _averaged+0
      00004B 90 54            [ 2]  135 	srlw	y
      00004D 56               [ 2]  136 	rrcw	x
      00004E 90 54            [ 2]  137 	srlw	y
      000050 56               [ 2]  138 	rrcw	x
      000051 90 54            [ 2]  139 	srlw	y
      000053 56               [ 2]  140 	rrcw	x
      000054 90 54            [ 2]  141 	srlw	y
      000056 56               [ 2]  142 	rrcw	x
      000057 1F 01            [ 2]  143 	ldw	(0x01, sp), x
                                    144 ;	./adc.c: 219: unsigned char rightBound = ADC_RAW_TABLE_SIZE;
      000059 A6 A5            [ 1]  145 	ld	a, #0xa5
      00005B 6B 03            [ 1]  146 	ld	(0x03, sp), a
                                    147 ;	./adc.c: 220: unsigned char leftBound = 0;
      00005D 0F 04            [ 1]  148 	clr	(0x04, sp)
                                    149 ;	./adc.c: 223: while ( (rightBound - leftBound) > 1) {
      00005F                        150 00104$:
      00005F 7B 03            [ 1]  151 	ld	a, (0x03, sp)
      000061 6B 06            [ 1]  152 	ld	(0x06, sp), a
      000063 0F 05            [ 1]  153 	clr	(0x05, sp)
      000065 7B 04            [ 1]  154 	ld	a, (0x04, sp)
      000067 6B 08            [ 1]  155 	ld	(0x08, sp), a
      000069 0F 07            [ 1]  156 	clr	(0x07, sp)
      00006B 1E 05            [ 2]  157 	ldw	x, (0x05, sp)
      00006D 72 F0 07         [ 2]  158 	subw	x, (0x07, sp)
      000070 A3 00 01         [ 2]  159 	cpw	x, #0x0001
      000073 2D 23            [ 1]  160 	jrsle	00106$
                                    161 ;	./adc.c: 224: unsigned char midId = (leftBound + rightBound) >> 1;
      000075 1E 07            [ 2]  162 	ldw	x, (0x07, sp)
      000077 72 FB 05         [ 2]  163 	addw	x, (0x05, sp)
      00007A 57               [ 2]  164 	sraw	x
      00007B 41               [ 1]  165 	exg	a, xl
      00007C 6B 08            [ 1]  166 	ld	(0x08, sp), a
      00007E 41               [ 1]  167 	exg	a, xl
                                    168 ;	./adc.c: 226: if (val > rawAdc[midId]) {
      00007F 7B 08            [ 1]  169 	ld	a, (0x08, sp)
      000081 5F               [ 1]  170 	clrw	x
      000082 97               [ 1]  171 	ld	xl, a
      000083 58               [ 2]  172 	sllw	x
      000084 1Cr00r00         [ 2]  173 	addw	x, #(_rawAdc + 0)
      000087 FE               [ 2]  174 	ldw	x, (x)
      000088 13 01            [ 2]  175 	cpw	x, (0x01, sp)
      00008A 24 06            [ 1]  176 	jrnc	00102$
                                    177 ;	./adc.c: 227: rightBound = midId;
      00008C 7B 08            [ 1]  178 	ld	a, (0x08, sp)
      00008E 6B 03            [ 1]  179 	ld	(0x03, sp), a
      000090 20 CD            [ 2]  180 	jra	00104$
      000092                        181 00102$:
                                    182 ;	./adc.c: 229: leftBound = midId;
      000092 7B 08            [ 1]  183 	ld	a, (0x08, sp)
      000094 6B 04            [ 1]  184 	ld	(0x04, sp), a
      000096 20 C7            [ 2]  185 	jra	00104$
      000098                        186 00106$:
                                    187 ;	./adc.c: 234: if (val >= rawAdc[leftBound]) {
      000098 1E 07            [ 2]  188 	ldw	x, (0x07, sp)
      00009A 58               [ 2]  189 	sllw	x
      00009B 1Cr00r00         [ 2]  190 	addw	x, #(_rawAdc + 0)
      00009E FE               [ 2]  191 	ldw	x, (x)
      00009F 1F 03            [ 2]  192 	ldw	(0x03, sp), x
      0000A1 1E 01            [ 2]  193 	ldw	x, (0x01, sp)
      0000A3 13 03            [ 2]  194 	cpw	x, (0x03, sp)
      0000A5 25 0A            [ 1]  195 	jrc	00108$
                                    196 ;	./adc.c: 235: val = leftBound * 10;
      0000A7 1E 07            [ 2]  197 	ldw	x, (0x07, sp)
      0000A9 58               [ 2]  198 	sllw	x
      0000AA 58               [ 2]  199 	sllw	x
      0000AB 72 FB 07         [ 2]  200 	addw	x, (0x07, sp)
      0000AE 58               [ 2]  201 	sllw	x
      0000AF 20 30            [ 2]  202 	jra	00109$
      0000B1                        203 00108$:
                                    204 ;	./adc.c: 237: val = (rightBound * 10) - ( (val - rawAdc[rightBound]) * 10)
      0000B1 1E 05            [ 2]  205 	ldw	x, (0x05, sp)
      0000B3 58               [ 2]  206 	sllw	x
      0000B4 58               [ 2]  207 	sllw	x
      0000B5 72 FB 05         [ 2]  208 	addw	x, (0x05, sp)
      0000B8 58               [ 2]  209 	sllw	x
      0000B9 1F 07            [ 2]  210 	ldw	(0x07, sp), x
      0000BB 1E 05            [ 2]  211 	ldw	x, (0x05, sp)
      0000BD 58               [ 2]  212 	sllw	x
      0000BE 1Cr00r00         [ 2]  213 	addw	x, #(_rawAdc + 0)
      0000C1 FE               [ 2]  214 	ldw	x, (x)
      0000C2 1F 05            [ 2]  215 	ldw	(0x05, sp), x
      0000C4 1E 01            [ 2]  216 	ldw	x, (0x01, sp)
      0000C6 72 F0 05         [ 2]  217 	subw	x, (0x05, sp)
      0000C9 89               [ 2]  218 	pushw	x
      0000CA 58               [ 2]  219 	sllw	x
      0000CB 58               [ 2]  220 	sllw	x
      0000CC 72 FB 01         [ 2]  221 	addw	x, (1, sp)
      0000CF 58               [ 2]  222 	sllw	x
      0000D0 5B 02            [ 2]  223 	addw	sp, #2
                                    224 ;	./adc.c: 238: / (rawAdc[leftBound] - rawAdc[rightBound]);
      0000D2 16 03            [ 2]  225 	ldw	y, (0x03, sp)
      0000D4 72 F2 05         [ 2]  226 	subw	y, (0x05, sp)
      0000D7 65               [ 2]  227 	divw	x, y
      0000D8 1F 05            [ 2]  228 	ldw	(0x05, sp), x
      0000DA 1E 07            [ 2]  229 	ldw	x, (0x07, sp)
      0000DC 72 F0 05         [ 2]  230 	subw	x, (0x05, sp)
      0000DF 1F 07            [ 2]  231 	ldw	(0x07, sp), x
      0000E1                        232 00109$:
                                    233 ;	./adc.c: 242: return ADC_RAW_TABLE_BASE_TEMP + val + getParamById (PARAM_TEMPERATURE_CORRECTION);
      0000E1 1C FD F8         [ 2]  234 	addw	x, #0xfdf8
      0000E4 1F 07            [ 2]  235 	ldw	(0x07, sp), x
      0000E6 4B 04            [ 1]  236 	push	#0x04
      0000E8 CDr00r00         [ 4]  237 	call	_getParamById
      0000EB 84               [ 1]  238 	pop	a
      0000EC 72 FB 07         [ 2]  239 	addw	x, (0x07, sp)
                                    240 ;	./adc.c: 243: }
      0000EF 5B 08            [ 2]  241 	addw	sp, #8
      0000F1 81               [ 4]  242 	ret
                                    243 ;	./adc.c: 249: void ADC1_EOC_handler() __interrupt (22)
                                    244 ;	-----------------------------------------
                                    245 ;	 function ADC1_EOC_handler
                                    246 ;	-----------------------------------------
      0000F2                        247 _ADC1_EOC_handler:
      0000F2 4F               [ 1]  248 	clr	a
      0000F3 62               [ 2]  249 	div	x, a
      0000F4 52 0C            [ 2]  250 	sub	sp, #12
                                    251 ;	./adc.c: 251: result = ADC_DRH << 2;
      0000F6 C6 54 04         [ 1]  252 	ld	a, 0x5404
      0000F9 5F               [ 1]  253 	clrw	x
      0000FA 97               [ 1]  254 	ld	xl, a
      0000FB 58               [ 2]  255 	sllw	x
      0000FC 58               [ 2]  256 	sllw	x
      0000FD CFu00u00         [ 2]  257 	ldw	_result+0, x
                                    258 ;	./adc.c: 252: result |= ADC_DRL;
      000100 C6 54 05         [ 1]  259 	ld	a, 0x5405
      000103 5F               [ 1]  260 	clrw	x
      000104 CAu00u01         [ 1]  261 	or	a, _result+1
      000107 02               [ 1]  262 	rlwa	x
      000108 CAu00u00         [ 1]  263 	or	a, _result+0
      00010B 95               [ 1]  264 	ld	xh, a
      00010C CFu00u00         [ 2]  265 	ldw	_result+0, x
                                    266 ;	./adc.c: 253: ADC_CSR &= ~0x80;   // reset EOC
      00010F 72 1F 54 00      [ 1]  267 	bres	21504, #7
                                    268 ;	./adc.c: 259: averaged += result - (averaged >> ADC_AVERAGING_BITS);
      000113 CEu00u00         [ 2]  269 	ldw	x, _result+0
      000116 1F 03            [ 2]  270 	ldw	(0x03, sp), x
      000118 0F 02            [ 1]  271 	clr	(0x02, sp)
      00011A 0F 01            [ 1]  272 	clr	(0x01, sp)
                                    273 ;	./adc.c: 256: if (averaged == 0) {
      00011C CEu00u08         [ 2]  274 	ldw	x, _averaged+2
      00011F 26 17            [ 1]  275 	jrne	00102$
      000121 CEu00u06         [ 2]  276 	ldw	x, _averaged+0
      000124 26 12            [ 1]  277 	jrne	00102$
                                    278 ;	./adc.c: 257: averaged = result << ADC_AVERAGING_BITS;
      000126 CEu00u00         [ 2]  279 	ldw	x, _result+0
      000129 58               [ 2]  280 	sllw	x
      00012A 58               [ 2]  281 	sllw	x
      00012B 58               [ 2]  282 	sllw	x
      00012C 58               [ 2]  283 	sllw	x
      00012D 90 5F            [ 1]  284 	clrw	y
      00012F CFu00u08         [ 2]  285 	ldw	_averaged+2, x
      000132 90 CFu00u06      [ 2]  286 	ldw	_averaged+0, y
      000136 20 5D            [ 2]  287 	jra	00103$
      000138                        288 00102$:
                                    289 ;	./adc.c: 259: averaged += result - (averaged >> ADC_AVERAGING_BITS);
      000138 CEu00u08         [ 2]  290 	ldw	x, _averaged+2
      00013B 1F 0B            [ 2]  291 	ldw	(0x0b, sp), x
      00013D CEu00u06         [ 2]  292 	ldw	x, _averaged+0
      000140 1F 09            [ 2]  293 	ldw	(0x09, sp), x
      000142 04 09            [ 1]  294 	srl	(0x09, sp)
      000144 06 0A            [ 1]  295 	rrc	(0x0a, sp)
      000146 06 0B            [ 1]  296 	rrc	(0x0b, sp)
      000148 06 0C            [ 1]  297 	rrc	(0x0c, sp)
      00014A 04 09            [ 1]  298 	srl	(0x09, sp)
      00014C 06 0A            [ 1]  299 	rrc	(0x0a, sp)
      00014E 06 0B            [ 1]  300 	rrc	(0x0b, sp)
      000150 06 0C            [ 1]  301 	rrc	(0x0c, sp)
      000152 04 09            [ 1]  302 	srl	(0x09, sp)
      000154 06 0A            [ 1]  303 	rrc	(0x0a, sp)
      000156 06 0B            [ 1]  304 	rrc	(0x0b, sp)
      000158 06 0C            [ 1]  305 	rrc	(0x0c, sp)
      00015A 04 09            [ 1]  306 	srl	(0x09, sp)
      00015C 06 0A            [ 1]  307 	rrc	(0x0a, sp)
      00015E 06 0B            [ 1]  308 	rrc	(0x0b, sp)
      000160 06 0C            [ 1]  309 	rrc	(0x0c, sp)
      000162 1E 03            [ 2]  310 	ldw	x, (0x03, sp)
      000164 72 F0 0B         [ 2]  311 	subw	x, (0x0b, sp)
      000167 1F 07            [ 2]  312 	ldw	(0x07, sp), x
      000169 7B 02            [ 1]  313 	ld	a, (0x02, sp)
      00016B 12 0A            [ 1]  314 	sbc	a, (0x0a, sp)
      00016D 6B 06            [ 1]  315 	ld	(0x06, sp), a
      00016F 7B 01            [ 1]  316 	ld	a, (0x01, sp)
      000171 12 09            [ 1]  317 	sbc	a, (0x09, sp)
      000173 6B 05            [ 1]  318 	ld	(0x05, sp), a
      000175 CEu00u08         [ 2]  319 	ldw	x, _averaged+2
      000178 72 FB 07         [ 2]  320 	addw	x, (0x07, sp)
      00017B 1F 0B            [ 2]  321 	ldw	(0x0b, sp), x
      00017D C6u00u07         [ 1]  322 	ld	a, _averaged+1
      000180 19 06            [ 1]  323 	adc	a, (0x06, sp)
      000182 6B 0A            [ 1]  324 	ld	(0x0a, sp), a
      000184 C6u00u06         [ 1]  325 	ld	a, _averaged+0
      000187 19 05            [ 1]  326 	adc	a, (0x05, sp)
      000189 6B 09            [ 1]  327 	ld	(0x09, sp), a
      00018B 1E 0B            [ 2]  328 	ldw	x, (0x0b, sp)
      00018D CFu00u08         [ 2]  329 	ldw	_averaged+2, x
      000190 1E 09            [ 2]  330 	ldw	x, (0x09, sp)
      000192 CFu00u06         [ 2]  331 	ldw	_averaged+0, x
      000195                        332 00103$:
                                    333 ;	./adc.c: 263: if (result_fail == 0) {
      000195 CEu00u04         [ 2]  334 	ldw	x, _result_fail+2
      000198 26 14            [ 1]  335 	jrne	00105$
      00019A CEu00u02         [ 2]  336 	ldw	x, _result_fail+0
      00019D 26 0F            [ 1]  337 	jrne	00105$
                                    338 ;	./adc.c: 264: result_fail = result << ADC_AVERAGING_FAIL_BITS;
      00019F CEu00u00         [ 2]  339 	ldw	x, _result+0
      0001A2 58               [ 2]  340 	sllw	x
      0001A3 90 5F            [ 1]  341 	clrw	y
      0001A5 CFu00u04         [ 2]  342 	ldw	_result_fail+2, x
      0001A8 90 CFu00u02      [ 2]  343 	ldw	_result_fail+0, y
      0001AC 20 3B            [ 2]  344 	jra	00107$
      0001AE                        345 00105$:
                                    346 ;	./adc.c: 266: result_fail += result - (result_fail >> ADC_AVERAGING_FAIL_BITS);
      0001AE CEu00u04         [ 2]  347 	ldw	x, _result_fail+2
      0001B1 1F 07            [ 2]  348 	ldw	(0x07, sp), x
      0001B3 CEu00u02         [ 2]  349 	ldw	x, _result_fail+0
      0001B6 1F 05            [ 2]  350 	ldw	(0x05, sp), x
      0001B8 04 05            [ 1]  351 	srl	(0x05, sp)
      0001BA 06 06            [ 1]  352 	rrc	(0x06, sp)
      0001BC 06 07            [ 1]  353 	rrc	(0x07, sp)
      0001BE 06 08            [ 1]  354 	rrc	(0x08, sp)
      0001C0 1E 03            [ 2]  355 	ldw	x, (0x03, sp)
      0001C2 72 F0 07         [ 2]  356 	subw	x, (0x07, sp)
      0001C5 7B 02            [ 1]  357 	ld	a, (0x02, sp)
      0001C7 12 06            [ 1]  358 	sbc	a, (0x06, sp)
      0001C9 88               [ 1]  359 	push	a
      0001CA 7B 02            [ 1]  360 	ld	a, (0x02, sp)
      0001CC 12 06            [ 1]  361 	sbc	a, (0x06, sp)
      0001CE 6B 0A            [ 1]  362 	ld	(0x0a, sp), a
      0001D0 84               [ 1]  363 	pop	a
      0001D1 72 BBu00u04      [ 2]  364 	addw	x, _result_fail+2
      0001D5 C9u00u03         [ 1]  365 	adc	a, _result_fail+1
      0001D8 6B 06            [ 1]  366 	ld	(0x06, sp), a
      0001DA 7B 09            [ 1]  367 	ld	a, (0x09, sp)
      0001DC C9u00u02         [ 1]  368 	adc	a, _result_fail+0
      0001DF 6B 05            [ 1]  369 	ld	(0x05, sp), a
      0001E1 CFu00u04         [ 2]  370 	ldw	_result_fail+2, x
      0001E4 1E 05            [ 2]  371 	ldw	x, (0x05, sp)
      0001E6 CFu00u02         [ 2]  372 	ldw	_result_fail+0, x
      0001E9                        373 00107$:
                                    374 ;	./adc.c: 268: }
      0001E9 5B 0C            [ 2]  375 	addw	sp, #12
      0001EB 80               [11]  376 	iret
                                    377 ;	./adc.c: 270: int getSensorFail()
                                    378 ;	-----------------------------------------
                                    379 ;	 function getSensorFail
                                    380 ;	-----------------------------------------
      0001EC                        381 _getSensorFail:
      0001EC 52 08            [ 2]  382 	sub	sp, #8
                                    383 ;	./adc.c: 272: if((result_fail >> ADC_AVERAGING_FAIL_BITS) > rawAdc[0]) {
      0001EE CEu00u04         [ 2]  384 	ldw	x, _result_fail+2
      0001F1 1F 03            [ 2]  385 	ldw	(0x03, sp), x
      0001F3 CEu00u02         [ 2]  386 	ldw	x, _result_fail+0
      0001F6 1F 01            [ 2]  387 	ldw	(0x01, sp), x
      0001F8 04 01            [ 1]  388 	srl	(0x01, sp)
      0001FA 06 02            [ 1]  389 	rrc	(0x02, sp)
      0001FC 06 03            [ 1]  390 	rrc	(0x03, sp)
      0001FE 06 04            [ 1]  391 	rrc	(0x04, sp)
      000200 CEu00u00         [ 2]  392 	ldw	x, _rawAdc+0
      000203 90 5F            [ 1]  393 	clrw	y
      000205 13 03            [ 2]  394 	cpw	x, (0x03, sp)
      000207 90 9F            [ 1]  395 	ld	a, yl
      000209 12 02            [ 1]  396 	sbc	a, (0x02, sp)
      00020B 90 9E            [ 1]  397 	ld	a, yh
      00020D 12 01            [ 1]  398 	sbc	a, (0x01, sp)
      00020F 24 05            [ 1]  399 	jrnc	00105$
                                    400 ;	./adc.c: 273: return 2;
      000211 AE 00 02         [ 2]  401 	ldw	x, #0x0002
      000214 20 1B            [ 2]  402 	jra	00107$
      000216                        403 00105$:
                                    404 ;	./adc.c: 274: } else if((result_fail >> ADC_AVERAGING_FAIL_BITS) < rawAdc[ADC_RAW_TABLE_SIZE - 1]) {
      000216 CEu01u48         [ 2]  405 	ldw	x, _rawAdc+328
      000219 1F 07            [ 2]  406 	ldw	(0x07, sp), x
      00021B 0F 06            [ 1]  407 	clr	(0x06, sp)
      00021D 0F 05            [ 1]  408 	clr	(0x05, sp)
      00021F 1E 03            [ 2]  409 	ldw	x, (0x03, sp)
      000221 13 07            [ 2]  410 	cpw	x, (0x07, sp)
      000223 7B 02            [ 1]  411 	ld	a, (0x02, sp)
      000225 12 06            [ 1]  412 	sbc	a, (0x06, sp)
      000227 7B 01            [ 1]  413 	ld	a, (0x01, sp)
      000229 12 05            [ 1]  414 	sbc	a, (0x05, sp)
      00022B 24 03            [ 1]  415 	jrnc	00102$
                                    416 ;	./adc.c: 275: return 1;
      00022D 5F               [ 1]  417 	clrw	x
      00022E 5C               [ 1]  418 	incw	x
                                    419 ;	./adc.c: 277: return 0;
      00022F 21                     420 	.byte 0x21
      000230                        421 00102$:
      000230 5F               [ 1]  422 	clrw	x
      000231                        423 00107$:
                                    424 ;	./adc.c: 279: }
      000231 5B 08            [ 2]  425 	addw	sp, #8
      000233 81               [ 4]  426 	ret
                                    427 	.area CODE
                                    428 	.area CONST
      000000                        429 _rawAdc:
      000000 03 FB                  430 	.dw #0x03fb
      000002 03 FA                  431 	.dw #0x03fa
      000004 03 FA                  432 	.dw #0x03fa
      000006 03 F9                  433 	.dw #0x03f9
      000008 03 F9                  434 	.dw #0x03f9
      00000A 03 F8                  435 	.dw #0x03f8
      00000C 03 F8                  436 	.dw #0x03f8
      00000E 03 F7                  437 	.dw #0x03f7
      000010 03 F6                  438 	.dw #0x03f6
      000012 03 F6                  439 	.dw #0x03f6
      000014 03 F5                  440 	.dw #0x03f5
      000016 03 F4                  441 	.dw #0x03f4
      000018 03 F3                  442 	.dw #0x03f3
      00001A 03 F2                  443 	.dw #0x03f2
      00001C 03 F1                  444 	.dw #0x03f1
      00001E 03 F0                  445 	.dw #0x03f0
      000020 03 EF                  446 	.dw #0x03ef
      000022 03 EE                  447 	.dw #0x03ee
      000024 03 EC                  448 	.dw #0x03ec
      000026 03 EB                  449 	.dw #0x03eb
      000028 03 EA                  450 	.dw #0x03ea
      00002A 03 E8                  451 	.dw #0x03e8
      00002C 03 E7                  452 	.dw #0x03e7
      00002E 03 E5                  453 	.dw #0x03e5
      000030 03 E3                  454 	.dw #0x03e3
      000032 03 E1                  455 	.dw #0x03e1
      000034 03 DF                  456 	.dw #0x03df
      000036 03 DD                  457 	.dw #0x03dd
      000038 03 DB                  458 	.dw #0x03db
      00003A 03 D8                  459 	.dw #0x03d8
      00003C 03 D6                  460 	.dw #0x03d6
      00003E 03 D3                  461 	.dw #0x03d3
      000040 03 D1                  462 	.dw #0x03d1
      000042 03 CE                  463 	.dw #0x03ce
      000044 03 CB                  464 	.dw #0x03cb
      000046 03 C8                  465 	.dw #0x03c8
      000048 03 C5                  466 	.dw #0x03c5
      00004A 03 C1                  467 	.dw #0x03c1
      00004C 03 BD                  468 	.dw #0x03bd
      00004E 03 BA                  469 	.dw #0x03ba
      000050 03 B6                  470 	.dw #0x03b6
      000052 03 B2                  471 	.dw #0x03b2
      000054 03 AE                  472 	.dw #0x03ae
      000056 03 A9                  473 	.dw #0x03a9
      000058 03 A5                  474 	.dw #0x03a5
      00005A 03 A0                  475 	.dw #0x03a0
      00005C 03 9B                  476 	.dw #0x039b
      00005E 03 96                  477 	.dw #0x0396
      000060 03 90                  478 	.dw #0x0390
      000062 03 8B                  479 	.dw #0x038b
      000064 03 85                  480 	.dw #0x0385
      000066 03 7F                  481 	.dw #0x037f
      000068 03 79                  482 	.dw #0x0379
      00006A 03 73                  483 	.dw #0x0373
      00006C 03 6C                  484 	.dw #0x036c
      00006E 03 66                  485 	.dw #0x0366
      000070 03 5F                  486 	.dw #0x035f
      000072 03 58                  487 	.dw #0x0358
      000074 03 50                  488 	.dw #0x0350
      000076 03 49                  489 	.dw #0x0349
      000078 03 41                  490 	.dw #0x0341
      00007A 03 39                  491 	.dw #0x0339
      00007C 03 31                  492 	.dw #0x0331
      00007E 03 29                  493 	.dw #0x0329
      000080 03 21                  494 	.dw #0x0321
      000082 03 18                  495 	.dw #0x0318
      000084 03 0F                  496 	.dw #0x030f
      000086 03 07                  497 	.dw #0x0307
      000088 02 FE                  498 	.dw #0x02fe
      00008A 02 F4                  499 	.dw #0x02f4
      00008C 02 EB                  500 	.dw #0x02eb
      00008E 02 E1                  501 	.dw #0x02e1
      000090 02 D8                  502 	.dw #0x02d8
      000092 02 CE                  503 	.dw #0x02ce
      000094 02 C4                  504 	.dw #0x02c4
      000096 02 BA                  505 	.dw #0x02ba
      000098 02 B0                  506 	.dw #0x02b0
      00009A 02 A6                  507 	.dw #0x02a6
      00009C 02 9C                  508 	.dw #0x029c
      00009E 02 92                  509 	.dw #0x0292
      0000A0 02 87                  510 	.dw #0x0287
      0000A2 02 7D                  511 	.dw #0x027d
      0000A4 02 72                  512 	.dw #0x0272
      0000A6 02 68                  513 	.dw #0x0268
      0000A8 02 5E                  514 	.dw #0x025e
      0000AA 02 53                  515 	.dw #0x0253
      0000AC 02 49                  516 	.dw #0x0249
      0000AE 02 3E                  517 	.dw #0x023e
      0000B0 02 34                  518 	.dw #0x0234
      0000B2 02 29                  519 	.dw #0x0229
      0000B4 02 1F                  520 	.dw #0x021f
      0000B6 02 14                  521 	.dw #0x0214
      0000B8 02 0A                  522 	.dw #0x020a
      0000BA 02 00                  523 	.dw #0x0200
      0000BC 01 F5                  524 	.dw #0x01f5
      0000BE 01 EB                  525 	.dw #0x01eb
      0000C0 01 E1                  526 	.dw #0x01e1
      0000C2 01 D7                  527 	.dw #0x01d7
      0000C4 01 CD                  528 	.dw #0x01cd
      0000C6 01 C4                  529 	.dw #0x01c4
      0000C8 01 BA                  530 	.dw #0x01ba
      0000CA 01 B0                  531 	.dw #0x01b0
      0000CC 01 A7                  532 	.dw #0x01a7
      0000CE 01 9E                  533 	.dw #0x019e
      0000D0 01 94                  534 	.dw #0x0194
      0000D2 01 8B                  535 	.dw #0x018b
      0000D4 01 82                  536 	.dw #0x0182
      0000D6 01 7A                  537 	.dw #0x017a
      0000D8 01 71                  538 	.dw #0x0171
      0000DA 01 68                  539 	.dw #0x0168
      0000DC 01 60                  540 	.dw #0x0160
      0000DE 01 58                  541 	.dw #0x0158
      0000E0 01 50                  542 	.dw #0x0150
      0000E2 01 48                  543 	.dw #0x0148
      0000E4 01 40                  544 	.dw #0x0140
      0000E6 01 38                  545 	.dw #0x0138
      0000E8 01 31                  546 	.dw #0x0131
      0000EA 01 29                  547 	.dw #0x0129
      0000EC 01 22                  548 	.dw #0x0122
      0000EE 01 1B                  549 	.dw #0x011b
      0000F0 01 14                  550 	.dw #0x0114
      0000F2 01 0D                  551 	.dw #0x010d
      0000F4 01 07                  552 	.dw #0x0107
      0000F6 01 00                  553 	.dw #0x0100
      0000F8 00 FA                  554 	.dw #0x00fa
      0000FA 00 F4                  555 	.dw #0x00f4
      0000FC 00 EE                  556 	.dw #0x00ee
      0000FE 00 E8                  557 	.dw #0x00e8
      000100 00 E2                  558 	.dw #0x00e2
      000102 00 DC                  559 	.dw #0x00dc
      000104 00 D7                  560 	.dw #0x00d7
      000106 00 D1                  561 	.dw #0x00d1
      000108 00 CC                  562 	.dw #0x00cc
      00010A 00 C7                  563 	.dw #0x00c7
      00010C 00 C2                  564 	.dw #0x00c2
      00010E 00 BD                  565 	.dw #0x00bd
      000110 00 B8                  566 	.dw #0x00b8
      000112 00 B4                  567 	.dw #0x00b4
      000114 00 AF                  568 	.dw #0x00af
      000116 00 AB                  569 	.dw #0x00ab
      000118 00 A7                  570 	.dw #0x00a7
      00011A 00 A3                  571 	.dw #0x00a3
      00011C 00 9E                  572 	.dw #0x009e
      00011E 00 9A                  573 	.dw #0x009a
      000120 00 97                  574 	.dw #0x0097
      000122 00 93                  575 	.dw #0x0093
      000124 00 8F                  576 	.dw #0x008f
      000126 00 8C                  577 	.dw #0x008c
      000128 00 88                  578 	.dw #0x0088
      00012A 00 85                  579 	.dw #0x0085
      00012C 00 82                  580 	.dw #0x0082
      00012E 00 7E                  581 	.dw #0x007e
      000130 00 7B                  582 	.dw #0x007b
      000132 00 78                  583 	.dw #0x0078
      000134 00 75                  584 	.dw #0x0075
      000136 00 72                  585 	.dw #0x0072
      000138 00 70                  586 	.dw #0x0070
      00013A 00 6D                  587 	.dw #0x006d
      00013C 00 6A                  588 	.dw #0x006a
      00013E 00 68                  589 	.dw #0x0068
      000140 00 65                  590 	.dw #0x0065
      000142 00 63                  591 	.dw #0x0063
      000144 00 60                  592 	.dw #0x0060
      000146 00 5E                  593 	.dw #0x005e
      000148 00 5C                  594 	.dw #0x005c
                                    595 	.area INITIALIZER
                                    596 	.area CABS (ABS)
