C51 COMPILER V9.60.0.0   MAIN                                                              01/05/2021 11:40:59 PAGE 1   


C51 COMPILER V9.60.0.0, COMPILATION OF MODULE MAIN
OBJECT MODULE PLACED IN .\Objects\main.obj
COMPILER INVOKED BY: C:\SoftWare\Keil\C51\BIN\C51.EXE ..\user\main.c OPTIMIZE(8,SPEED) BROWSE DEBUG OBJECTEXTEND PRINT(.
                    -\Listings\main.lst) OBJECT(.\Objects\main.obj)

line level    source

   1          
   2          //check port debounce
   3          
   4          #define ALLOCATE_EXTERN
   5          #include "HC89S003F4.h"
   6          
   7          /***************************************************************************************
   8            * @Function   Set the debounce time of port p00£¬251.9375us < debounce time <255.9375us¡£
   9          ***************************************************************************************/
  10          void main()
  11          {
  12   1      /************************************system initialization****************************************/
  13   1              WDTCCR = 0x00;                                          //Close watchdog
  14   1                                        //In this example, the watchdog is closed for the convenience of testing. 
  15   1                                        //In practical use, it is recommended to open the watchdog. See WDT Reset examp
             -le for details
  16   1              
  17   1              CLKSWR = 0x51;                                          //Select internal RC32M as system clock, RC32M/2, Fosc=16MHz
  18   1              CLKDIV = 0x01;                                          //Fosc/1,Fcpu=16MHz  
  19   1      /**********************************port debounce initialization**************************************/
  20   1        P0M0 = P0M0&0xF0|0x02;    //Set P00 as push-pull output
  21   1              P00DBC = 0xFF;                                          //Set debounce time
  22   1              //Calculation of debounce time
  23   1              //PRESCALER*Tosc*P0xDBCT[5:0]-Tosc < debounce time < PRESCALER*Tosc*(P0xDBCT[5:0]+1)-Tosc
  24   1              //                64*0.0625us*63-0.0625us < debounce time < 64*0.0625us*(63+1)-0.0625us
  25   1              //                                         251.9375us < debounce time < 255.9375us
  26   1      
  27   1              while(1);
  28   1      }


MODULE INFORMATION:   STATIC OVERLAYABLE
   CODE SIZE        =     30    ----
   CONSTANT SIZE    =   ----    ----
   XDATA SIZE       =   ----    ----
   PDATA SIZE       =   ----    ----
   DATA SIZE        =   ----    ----
   IDATA SIZE       =   ----    ----
   BIT SIZE         =   ----    ----
END OF MODULE INFORMATION.


C51 COMPILATION COMPLETE.  0 WARNING(S),  0 ERROR(S)
