C51 COMPILER V9.60.0.0   MAIN                                                              01/05/2021 11:42:46 PAGE 1   


C51 COMPILER V9.60.0.0, COMPILATION OF MODULE MAIN
OBJECT MODULE PLACED IN .\Objects\main.obj
COMPILER INVOKED BY: C:\SoftWare\Keil\C51\BIN\C51.EXE ..\user\main.c OPTIMIZE(8,SPEED) BROWSE DEBUG OBJECTEXTEND PRINT(.
                    -\Listings\main.lst) OBJECT(.\Objects\main.obj)

line level    source

   1          
   2          //P26 port low voltage detection
   3          
   4          #define ALLOCATE_EXTERN
   5          #include "HC89S003F4.h"
   6          
   7          /***************************************************************************************
   8            * @Function   When the voltage is lower than 1.2V and the duration is more than 16.0625us,
   9                          LVD will be interrupted and LED1 will turn over.
  10            * @Operation This example cannot be simulated, and the simulator needs to be pulled out 
  11                              for testing.
  12          ***************************************************************************************/
  13          void main()
  14          {
  15   1      /************************************system initialization****************************************/
  16   1              WDTCCR = 0x00;                                          //Close watchdog
  17   1                                        //In this example, the watchdog is closed for the convenience of testing. 
  18   1                                        //In practical use, it is recommended to open the watchdog. See WDT Reset examp
             -le for details
  19   1              
  20   1              CLKSWR = 0x51;                                          //Select internal RC32M as system clock, RC32M/2, Fosc=16MHz
  21   1              CLKDIV = 0x01;                                          //Fosc/1,Fcpu=16MHz 
  22   1      /**********************************GPIO initialization**************************************/
  23   1              P0M0 = P0M0&0xF0|0x08;          //Set P00 as push-pull output
  24   1      /***********************************LVD initialization**************************************/
  25   1              P2M3 = P2M3&0xF0|0x03;          //Set P26 as analog input
  26   1              LVDC = 0xE8;                                              //SET LVD
  27   1              //      debounce time =         (0xFF + 2) * 1/Fcpu
  28   1              //                       =      (0xFF + 2) / 16000000   
  29   1              //                       =      16.0625us
  30   1              //      Now the program detects the voltage of p2.6 port, which is a fixed voltage point£¨1.2V£©
  31   1              LVDDBC = 0xFF;                                          //Set debounce time
  32   1          
  33   1              EA = 1;                                                             //enable all interrupt
  34   1              while(1);
  35   1      }
  36          
  37          /***************************************************************************************
  38             Lvd interrupt service function
  39          ***************************************************************************************/
  40          void LVD_Rpt() interrupt LVD_VECTOR
  41          {
  42   1              if(LVDC&0x08)
  43   1              {       
  44   2                       LVDC &=~ 0x08;                   //Clear LVD interrupt flag bit  
  45   2                       P0_0 =~ P0_0;
  46   2              }
  47   1      }


MODULE INFORMATION:   STATIC OVERLAYABLE
   CODE SIZE        =     59    ----
   CONSTANT SIZE    =   ----    ----
   XDATA SIZE       =   ----    ----
C51 COMPILER V9.60.0.0   MAIN                                                              01/05/2021 11:42:46 PAGE 2   

   PDATA SIZE       =   ----    ----
   DATA SIZE        =   ----    ----
   IDATA SIZE       =   ----    ----
   BIT SIZE         =   ----    ----
END OF MODULE INFORMATION.


C51 COMPILATION COMPLETE.  0 WARNING(S),  0 ERROR(S)
