C51 COMPILER V9.60.0.0   MAIN                                                              01/05/2021 11:39:12 PAGE 1   


C51 COMPILER V9.60.0.0, COMPILATION OF MODULE MAIN
OBJECT MODULE PLACED IN .\Objects\main.obj
COMPILER INVOKED BY: C:\SoftWare\Keil\C51\BIN\C51.EXE ..\user\main.c OPTIMIZE(8,SPEED) BROWSE DEBUG OBJECTEXTEND PRINT(.
                    -\Listings\main.lst) OBJECT(.\Objects\main.obj)

line level    source

   1          
   2          //external interrupt 15
   3          
   4          #define ALLOCATE_EXTERN
   5          #include "HC89S003F4.h"
   6          
   7          /***************************************************************************************
   8            * @Function   P27 is set to the falling edge interrupt, and LED1 status changes once 
   9                              after each interrupt
  10          ***************************************************************************************/
  11          void main()
  12          {
  13   1      /************************************system initialization****************************************/
  14   1              WDTCCR = 0x00;                                          //Close watchdog
  15   1                                        //In this example, the watchdog is closed for the convenience of testing. 
  16   1                                        //In practical use, it is recommended to open the watchdog. See WDT Reset examp
             -le for details
  17   1              
  18   1              CLKSWR = 0x51;                                          //Select internal RC32M as system clock, RC32M/2, Fosc=16MHz
  19   1              CLKDIV = 0x01;                                          //Fosc/1,Fcpu=16MHz
  20   1      /**********************************GPIO initialization**************************************/
  21   1              P0M0 = P0M0&0xF0|0x08;          //Set P00 as push-pull output
  22   1      /***********************************INT15 initialization****************************************/
  23   1              P2M3 = P2M3&0x0F|0x40;          //Set P27 as pull-up input(SMT)
  24   1              PITS3 |= 0x40;                                          //INT15 Falling edge
  25   1              PINTE1 |= 0x80;                                         //enable INT15
  26   1              IE1 |= 0x80;                                              //enable INT15 interrupt
  27   1              EA = 1;                                                             //enable all interrupt
  28   1              while(1);
  29   1      }
  30          
  31          /***************************************************************************************
  32             INT15 interrupt service function
  33          ***************************************************************************************/
  34          void INT8_15_Rpt() interrupt INT8_15_VECTOR 
  35          {
  36   1              if(PINTF1&0x80)
  37   1              {
  38   2                      PINTF1 &=~ 0x80;                                //Clear flag bit        
  39   2                      P0_0 =~ P0_0;
  40   2              }
  41   1      }


MODULE INFORMATION:   STATIC OVERLAYABLE
   CODE SIZE        =     67    ----
   CONSTANT SIZE    =   ----    ----
   XDATA SIZE       =   ----    ----
   PDATA SIZE       =   ----    ----
   DATA SIZE        =   ----    ----
   IDATA SIZE       =   ----    ----
   BIT SIZE         =   ----    ----
END OF MODULE INFORMATION.


C51 COMPILATION COMPLETE.  0 WARNING(S),  0 ERROR(S)
