C51 COMPILER V9.60.0.0   MAIN                                                              01/05/2021 11:42:09 PAGE 1   


C51 COMPILER V9.60.0.0, COMPILATION OF MODULE MAIN
OBJECT MODULE PLACED IN .\Objects\main.obj
COMPILER INVOKED BY: C:\SoftWare\Keil\C51\BIN\C51.EXE ..\user\main.c OPTIMIZE(8,SPEED) BROWSE DEBUG OBJECTEXTEND PRINT(.
                    -\Listings\main.lst) OBJECT(.\Objects\main.obj)

line level    source

   1          
   2          //Set the working state of IO port 
   3          
   4          #define ALLOCATE_EXTERN
   5          #include "HC89S003F4.h"
   6          
   7          /***************************************************************************************
   8            * @Function   Set the working state of each IO port
   9          ***************************************************************************************/
  10          void main()
  11          {
  12   1      /************************************system initialization ****************************************/
  13   1              WDTCCR = 0x00;                                          //Close watchdog
  14   1                                        //In this example, the watchdog is closed for the convenience of testing. 
  15   1                                        //In practical use, it is recommended to open the watchdog. See WDT Reset examp
             -le for details
  16   1              
  17   1              CLKSWR = 0x51;                                          //Select internal RC32M as system clock, RC32M/2, Fosc=16MHz
  18   1              CLKDIV = 0x01;                                          //Fosc/1,Fcpu=16MHz 
  19   1      /***********************************IO port mode setting***************************************/
  20   1              P0M1 = P0M1&0xF0|0x00;                          //Set P02 as input(non SMT)
  21   1              P0M0 = P0M0&0x0F|0x10;                          //Set P01 as pull-down input(non SMT)
  22   1              P0M0 = P0M0&0xF0|0x02;                          //Set P00 as pull-up input(non SMT)
  23   1              P1M0 = P1M0&0x0F|0x30;                          //Set P11 as analog input
  24   1              P2M0 = P2M0&0xF0|0x04;                          //Set P20 as input(SMT)
  25   1              P0M2 = P0M2&0x0F|0x50;                          //Set P05 as pull-down input(SMT)
  26   1              P0M2 = P0M2&0xF0|0x06;                          //Set P04 as pull-up input(SMT)
  27   1              P0M3 = P0M3&0x0F|0x80;                          //Set P07 as push-pull output
  28   1              P0M3 = P0M3&0xF0|0x09;                          //Set P06 as Open drain output
  29   1              P2M1 = P2M1&0xF0|0x0A;                          //Set P22 as pull-up Open drain output
  30   1              while(1);
  31   1      }


MODULE INFORMATION:   STATIC OVERLAYABLE
   CODE SIZE        =     92    ----
   CONSTANT SIZE    =   ----    ----
   XDATA SIZE       =   ----    ----
   PDATA SIZE       =   ----    ----
   DATA SIZE        =   ----    ----
   IDATA SIZE       =   ----    ----
   BIT SIZE         =   ----    ----
END OF MODULE INFORMATION.


C51 COMPILATION COMPLETE.  0 WARNING(S),  0 ERROR(S)
