C51 COMPILER V9.60.0.0   MAIN                                                              01/05/2021 11:49:59 PAGE 1   


C51 COMPILER V9.60.0.0, COMPILATION OF MODULE MAIN
OBJECT MODULE PLACED IN .\Objects\main.obj
COMPILER INVOKED BY: C:\SoftWare\Keil\C51\BIN\C51.EXE ..\user\main.c OPTIMIZE(8,SPEED) BROWSE DEBUG OBJECTEXTEND PRINT(.
                    -\Listings\main.lst) OBJECT(.\Objects\main.obj)

line level    source

   1          //T0 Counter mode
   2          
   3          #define ALLOCATE_EXTERN
   4          #include "HC89S003F4.h"
   5          
   6          /***************************************************************************************
   7            * @Function   Set T0 to counter mode, when P11 detects a falling edge, the count overflows and enters the 
             -interrupt, and P00 flips
   8          ***************************************************************************************/
   9          void main()
  10          {
  11   1      /************************************System initialization ****************************************/
  12   1              WDTCCR = 0x00;                                          //Close watchdog
  13   1                                        //In this example, the watchdog is closed for the convenience of testing. 
  14   1                                        //In practical use, it is recommended to open the watchdog. See WDT Reset examp
             -le for details
  15   1              
  16   1              CLKSWR = 0x51;                                          //Select internal RC32M as system clock, RC32M/2, Fosc=16MHz
  17   1              CLKDIV = 0x01;                                          //Fosc/1,Fcpu=16MHz 
  18   1              P0M0 = P0M0&0xF0|0x08;              //Set P00 as push-pull output
  19   1      /**********************************TIM0 initialization**************************************/
  20   1          P1M0 = P1M0&0x0F|0x20;              //Set P11 as pull-up input     
  21   1              T0_MAP = 0x11;                                          //T0 mapping P11
  22   1              TCON1 |= 0x01;                                          //T0 clock , divided by 1
  23   1              TMOD |= 0x04;                                           //T0 counter mode
  24   1              TH0 = 0xFF;                                                     
  25   1              TL0 = 0xFE;                                                     //Pulse is 1
  26   1              IE |= 0x02;                                                     //Turn on T0 Interrupt
  27   1              TCON |= 0x10;                                           //Start T0
  28   1          
  29   1              EA = 1;                                                         //Open total Interrupt
  30   1              while(1);
  31   1      }
  32          
  33          /***************************************************************************************
  34           T0 interrupt service function
  35          ***************************************************************************************/
  36          void TIMER0_Rpt(void) interrupt TIMER0_VECTOR
  37          {
  38   1              P0_0 =~ P0_0;
  39   1      }


MODULE INFORMATION:   STATIC OVERLAYABLE
   CODE SIZE        =     66    ----
   CONSTANT SIZE    =   ----    ----
   XDATA SIZE       =   ----    ----
   PDATA SIZE       =   ----    ----
   DATA SIZE        =   ----    ----
   IDATA SIZE       =   ----    ----
   BIT SIZE         =   ----    ----
END OF MODULE INFORMATION.


C51 COMPILATION COMPLETE.  0 WARNING(S),  0 ERROR(S)
