C51 COMPILER V9.60.0.0   MAIN                                                              01/05/2021 11:52:18 PAGE 1   


C51 COMPILER V9.60.0.0, COMPILATION OF MODULE MAIN
OBJECT MODULE PLACED IN .\Objects\main.obj
COMPILER INVOKED BY: C:\SoftWare\Keil\C51\BIN\C51.EXE ..\user\main.c OPTIMIZE(8,SPEED) BROWSE DEBUG OBJECTEXTEND PRINT(.
                    -\Listings\main.lst) OBJECT(.\Objects\main.obj)

line level    source

   1          //T0 Timer mode
   2          
   3          #define ALLOCATE_EXTERN
   4          #include "HC89S003F4.h"
   5          
   6          /***************************************************************************************
   7            * @Function   T0 timing 1ms, every time an interrupt is entered, P00 flips once
   8          ***************************************************************************************/
   9          void main()
  10          {
  11   1      /************************************System initialization ****************************************/
  12   1              WDTCCR = 0x00;                                          //Close watchdog
  13   1                                        //In this example, the watchdog is closed for the convenience of testing. 
  14   1                                        //In practical use, it is recommended to open the watchdog. See WDT Reset examp
             -le for details
  15   1              
  16   1              CLKSWR = 0x51;                                          //Select internal RC32M as system clock, RC32M/2, Fosc=16MHz
  17   1              CLKDIV = 0x01;                                          //Fosc/1,Fcpu=16MHz 
  18   1              P0M0 = P0M0&0xF0|0x08;              //Set P00 as push-pull output
  19   1      /**********************************TIM0 initialization**************************************/
  20   1              TCON1 = 0x00;                                           //The clock of Tx0 timer is Fosc
  21   1              TMOD = 0x00;                                            //16-bit reload timer/counter
  22   1      
  23   1              //T0 Timing 1ms = (65536 - 0xFACB) * (1 / (Fosc /Timer division factor))
  24   1              //                              = 1333 / (16000000 / 12)
  25   1              //                              = 1 ms
  26   1      
  27   1              //Timing 1ms
  28   1              //Reverse initial value = 65536 - ((1/1000) / (1/(Fosc / Timer division factor)))
  29   1              //                      = 65536 - ((1/1000) / (1/(16000000 / 12)))
  30   1              //                      = 65536 - 1333
  31   1              //                      = 0xFACB
  32   1              TH0 = 0xFA;
  33   1              TL0 = 0xCB;                                                       //T0 Timing 1ms
  34   1              IE |= 0x02;                                                       //Turn on T0 Interrupt
  35   1              TCON |= 0x10;                                             //Start T0
  36   1          
  37   1              EA = 1;                                                           //Open total Interrupt
  38   1              while(1);
  39   1      }
  40          
  41          /***************************************************************************************
  42           T0 interrupt service function
  43          ***************************************************************************************/
  44          void TIMER0_Rpt(void) interrupt TIMER0_VECTOR
  45          { 
  46   1              u16 count;
  47   1              count++;
  48   1              if(count>=100)
  49   1              {
  50   2                       count=0;
  51   2                 P0_0 =~ P0_0;
  52   2              }
  53   1      }
C51 COMPILER V9.60.0.0   MAIN                                                              01/05/2021 11:52:18 PAGE 2   



MODULE INFORMATION:   STATIC OVERLAYABLE
   CODE SIZE        =     79    ----
   CONSTANT SIZE    =   ----    ----
   XDATA SIZE       =   ----    ----
   PDATA SIZE       =   ----    ----
   DATA SIZE        =   ----       2
   IDATA SIZE       =   ----    ----
   BIT SIZE         =   ----    ----
END OF MODULE INFORMATION.


C51 COMPILATION COMPLETE.  0 WARNING(S),  0 ERROR(S)
