C51 COMPILER V9.60.0.0   MAIN                                                              01/05/2021 11:57:50 PAGE 1   


C51 COMPILER V9.60.0.0, COMPILATION OF MODULE MAIN
OBJECT MODULE PLACED IN .\Objects\main.obj
COMPILER INVOKED BY: C:\SoftWare\Keil\C51\BIN\C51.EXE ..\user\main.c OPTIMIZE(8,SPEED) BROWSE DEBUG OBJECTEXTEND PRINT(.
                    -\Listings\main.lst) OBJECT(.\Objects\main.obj)

line level    source

   1          
   2          
   3          #define ALLOCATE_EXTERN
   4          #include "HC89S003F4.h"
   5          
   6          void Delay_ms(unsigned int fui_i);      //delay function
   7          /***************************************************************************************
   8            * @Function   Perform high and low level conversion on port P00, LED1 keeps flipping
   9          ***************************************************************************************/
  10          void main()
  11          {               
  12   1      /************************************System initialization ****************************************/
  13   1              WDTCCR = 0x00;                                          //Close watchdog
  14   1                                        //In this example, the watchdog is closed for the convenience of testing. 
  15   1                                        //In practical use, it is recommended to open the watchdog. See WDT Reset examp
             -le for details
  16   1              
  17   1              CLKSWR = 0x51;                                          //Select internal RC32M as system clock, RC32M/2, Fosc=16MHz
  18   1              CLKDIV = 0x01;                                          //Fosc/1,Fcpu=16MHz     
  19   1              P0M0 = P0M0&0xF0|0x08;                  //Set P00 as push-pull output
  20   1              while(1)
  21   1              {
  22   2                       P0_0= 0;
  23   2                       Delay_ms(200);
  24   2                       P0_0= 1;
  25   2                       Delay_ms(200);
  26   2              }
  27   1      }
  28          /**
  29            * Delay function 
  30            * Fcpu = 16MHz,fui_i = 1,The delay time is about 1Ms
  31            */
  32          void Delay_ms(unsigned int fui_i)
  33          {
  34   1              unsigned int fui_j;
  35   1              for(;fui_i > 0;fui_i --)
  36   1              for(fui_j = 1596;fui_j > 0;fui_j --);
  37   1      }


MODULE INFORMATION:   STATIC OVERLAYABLE
   CODE SIZE        =     72    ----
   CONSTANT SIZE    =   ----    ----
   XDATA SIZE       =   ----    ----
   PDATA SIZE       =   ----    ----
   DATA SIZE        =   ----    ----
   IDATA SIZE       =   ----    ----
   BIT SIZE         =   ----    ----
END OF MODULE INFORMATION.


C51 COMPILATION COMPLETE.  0 WARNING(S),  0 ERROR(S)
