C51 COMPILER V9.60.0.0   MAIN                                                              01/05/2021 11:49:14 PAGE 1   


C51 COMPILER V9.60.0.0, COMPILATION OF MODULE MAIN
OBJECT MODULE PLACED IN .\Objects\main.obj
COMPILER INVOKED BY: C:\SoftWare\Keil\C51\BIN\C51.EXE ..\user\main.c OPTIMIZE(8,SPEED) BROWSE DEBUG OBJECTEXTEND PRINT(.
                    -\Listings\main.lst) OBJECT(.\Objects\main.obj)

line level    source

   1          //BOR reset and debounce
   2          
   3          #define ALLOCATE_EXTERN
   4          #include "HC89S003F4.h"
   5          
   6          unsigned char guc_Count = 0;            //IO Count
   7          void Delay_ms(unsigned int fui_i);              //Delay function
   8          
   9          /***************************************************************************************
  10            * @Function   After the system is powered on, P00 flips 5 times, and it is detected that the system voltag
             -e is lower than 3.6V and the duration exceeds 127.625us,
  11                          the system resets, and P00 flips again
  12          ***************************************************************************************/
  13          void main()
  14          {
  15   1      /************************************System initialization ****************************************/
  16   1              WDTCCR = 0x00;                                          //Close watchdog
  17   1                                        //In this example, the watchdog is closed for the convenience of testing. 
  18   1                                        //In practical use, it is recommended to open the watchdog. See WDT Reset examp
             -le for details
  19   1              
  20   1              CLKSWR = 0x51;                                          //Select internal RC32M as system clock, RC32M/2, Fosc=16MHz
  21   1              CLKDIV = 0x01;                                          //Fosc/1,Fcpu=16MHz 
  22   1              P0M0 = P0M0&0xF0|0x08;                          //Set P00 as push-pull output
  23   1      /***********************************BOR initialization**************************************/
  24   1              BORC = 0xC5;                                                        //BOR enable, BOR debounce enable, detection voltage point 3.6V
  25   1              //BOR debounce time calculation
  26   1              //Debounce time = BORDBC[7:0] * 8Tcpu + 2Tcpu
  27   1              //                 = 255 * 8 * 0.0625us + 2 * 0.0625us
  28   1              //                 = 127.625us
  29   1      
  30   1              BORDBC = 0xFF;                                                      //BOR voltage detection debounce time 127.625us
  31   1              for(guc_Count=0;guc_Count<10;guc_Count++)
  32   1              {
  33   2                      P0_0 =~ P0_0;
  34   2                      Delay_ms(250);
  35   2              }
  36   1              while(1);
  37   1      } 
  38          /**
  39            * Delay function 
  40            * Fcpu = 16MHz,fui_i = 1,The delay time is about 1Ms
  41            */
  42          void Delay_ms(unsigned int fui_i)
  43          {
  44   1              unsigned int fui_j;
  45   1              for(;fui_i > 0;fui_i --)
  46   1              for(fui_j = 1596;fui_j > 0;fui_j --);
  47   1      }


MODULE INFORMATION:   STATIC OVERLAYABLE
   CODE SIZE        =     91    ----
   CONSTANT SIZE    =   ----    ----
C51 COMPILER V9.60.0.0   MAIN                                                              01/05/2021 11:49:14 PAGE 2   

   XDATA SIZE       =   ----    ----
   PDATA SIZE       =   ----    ----
   DATA SIZE        =      1    ----
   IDATA SIZE       =   ----    ----
   BIT SIZE         =   ----    ----
END OF MODULE INFORMATION.


C51 COMPILATION COMPLETE.  0 WARNING(S),  0 ERROR(S)
