C51 COMPILER V9.60.0.0   MAIN                                                              01/05/2021 11:50:50 PAGE 1   


C51 COMPILER V9.60.0.0, COMPILATION OF MODULE MAIN
OBJECT MODULE PLACED IN .\Objects\main.obj
COMPILER INVOKED BY: C:\SoftWare\Keil\C51\BIN\C51.EXE ..\user\main.c OPTIMIZE(8,SPEED) BROWSE DEBUG OBJECTEXTEND PRINT(.
                    -\Listings\main.lst) OBJECT(.\Objects\main.obj)

line level    source

   1          //SPI-Master
   2          
   3          #define ALLOCATE_EXTERN
   4          #include "HC89S003F4.h"
   5          
   6          unsigned char SPI_WriteReadData(unsigned char fuc_Data);  //SPI read and write Data
   7          void Delay_ms(unsigned int fui_i);                                //delay function
   8          
   9          /***************************************************************************************
  10            * @Function   The master always sends data 0xAA to the slave, and the slave sends the received data to the
             - host computer through the serial port
  11            * @Steps      IO connection:P0_0-->P0_0 P0_1-->P0_1 P2_0-->P2_0        
  12          ***************************************************************************************/
  13          void main()
  14          {
  15   1      /************************************System initialization ****************************************/
  16   1              WDTCCR = 0x00;                                          //Close watchdog
  17   1                                        //In this example, the watchdog is closed for the convenience of testing. 
  18   1                                        //In practical use, it is recommended to open the watchdog. See WDT Reset examp
             -le for details
  19   1              
  20   1              CLKSWR = 0x51;                                          //Select internal RC32M as system clock, RC32M/2, Fosc=16MHz
  21   1              CLKDIV = 0x01;                                          //Fosc/1,Fcpu=16MHz
  22   1      /************************************SPI initialization*****************************************/
  23   1          P0M0 = P0M0&0x0F|0x40;         //Set P01 as SMT input
  24   1          P0M0 = P0M0&0xF0|0x08;         //Set P00 as push-pull output
  25   1          P2M0 = P2M0&0xF0|0x08;         //Set P20 as push-pull output
  26   1              MISO_MAP = 0x01;                   //SPI_MISO mapping P01¿Ú
  27   1              MOSI_MAP = 0x00;                   //SPI_MOSI mapping P00¿Ú
  28   1              SCK_MAP = 0x20;                    //SPI_SCK  mapping P20¿Ú
  29   1              SPDAT = 0x00;                  //Data Register write 0
  30   1              SPSTAT = 0x00;                 //Clear the status Register to 0          
  31   1              SPCTL = 0xD7;                  //Master mode, clock divided by 128
  32   1         
  33   1              while(1)
  34   1              {
  35   2                      SPI_WriteReadData(0xAA);     //Send Data 0xAA
  36   2                      Delay_ms(500);
  37   2              }   
  38   1      }
  39          
  40          /**
  41            * SPI write and read functions
  42            * SPI read and write data
  43            */
  44          unsigned char SPI_WriteReadData(unsigned char fuc_Data)
  45          {
  46   1              SPSTAT = 0xC0;
  47   1              SPDAT = fuc_Data;
  48   1              while(!(SPSTAT&0x80));
  49   1              SPSTAT = 0xC0;
  50   1              return SPDAT;
  51   1      }
  52          
C51 COMPILER V9.60.0.0   MAIN                                                              01/05/2021 11:50:50 PAGE 2   

  53          /**
  54            * Delay function 
  55            * Fcpu = 16MHz,fui_i = 1,The delay time is about 1Ms
  56            */
  57          void Delay_ms(unsigned int fui_i)
  58          {
  59   1              unsigned int fui_j;
  60   1              for(;fui_i > 0;fui_i --)
  61   1              for(fui_j = 1596;fui_j > 0;fui_j --);
  62   1      }


MODULE INFORMATION:   STATIC OVERLAYABLE
   CODE SIZE        =    122    ----
   CONSTANT SIZE    =   ----    ----
   XDATA SIZE       =   ----    ----
   PDATA SIZE       =   ----    ----
   DATA SIZE        =   ----    ----
   IDATA SIZE       =   ----    ----
   BIT SIZE         =   ----    ----
END OF MODULE INFORMATION.


C51 COMPILATION COMPLETE.  0 WARNING(S),  0 ERROR(S)
