C51 COMPILER V9.60.0.0   MAIN                                                              01/05/2021 11:33:22 PAGE 1   


C51 COMPILER V9.60.0.0, COMPILATION OF MODULE MAIN
OBJECT MODULE PLACED IN .\Objects\main.obj
COMPILER INVOKED BY: C:\SoftWare\Keil\C51\BIN\C51.EXE ..\user\main.c OPTIMIZE(8,SPEED) BROWSE DEBUG OBJECTEXTEND PRINT(.
                    -\Listings\main.lst) OBJECT(.\Objects\main.obj)

line level    source

   1          
   2          //clock configuration
   3          
   4          
   5          #define ALLOCATE_EXTERN
   6          #include "HC89S003F4.h"
   7          
   8          void Delay_ms(unsigned int fui_i);              //delay function
   9          
  10          /**************************************************************************************
  11            * @Function   Set FOSC to 16MHz and fcpu to 16MHz
  12          **************************************************************************************/
  13          void main()
  14          {
  15   1      /************************************system initialization****************************************/
  16   1              WDTCCR = 0x00;                                          //Close watchdog
  17   1                                        //In this example, the watchdog is closed for the convenience of testing. 
  18   1                                        //In practical use, it is recommended to open the watchdog. See WDT Reset examp
             -le for details
  19   1              
  20   1              CLKSWR = 0x51;                                          //Select internal RC32M as system clock, RC32M/2, Fosc=16MHz
  21   1              CLKDIV = 0x01;                                          //Fosc/1,Fcpu=16MHz 
  22   1              P0M0 = P0M0&0xF0|0x08;          //Set P00 as push-pull output
  23   1      
  24   1              while(1)
  25   1              {
  26   2                      P0_0 =~ P0_0;
  27   2                      Delay_ms(250);
  28   2              }
  29   1      }
  30          
  31          /**
  32            * Delay function 
  33            * Fcpu = 16MHz,fui_i = 1,The delay time is about 1ms
  34            */
  35          void Delay_ms(unsigned int fui_i)
  36          {
  37   1              unsigned int fui_j;
  38   1              for(;fui_i > 0;fui_i --)
  39   1              for(fui_j = 1596;fui_j > 0;fui_j --);
  40   1      }


MODULE INFORMATION:   STATIC OVERLAYABLE
   CODE SIZE        =     63    ----
   CONSTANT SIZE    =   ----    ----
   XDATA SIZE       =   ----    ----
   PDATA SIZE       =   ----    ----
   DATA SIZE        =   ----    ----
   IDATA SIZE       =   ----    ----
   BIT SIZE         =   ----    ----
END OF MODULE INFORMATION.


C51 COMPILATION COMPLETE.  0 WARNING(S),  0 ERROR(S)
