C51 COMPILER V9.60.0.0   MAIN                                                              01/05/2021 11:38:36 PAGE 1   


C51 COMPILER V9.60.0.0, COMPILATION OF MODULE MAIN
OBJECT MODULE PLACED IN .\Objects\main.obj
COMPILER INVOKED BY: C:\SoftWare\Keil\C51\BIN\C51.EXE ..\user\main.c OPTIMIZE(8,SPEED) BROWSE DEBUG OBJECTEXTEND PRINT(.
                    -\Listings\main.lst) OBJECT(.\Objects\main.obj)

line level    source

   1          
   2          //external interrupt 1
   3          
   4          #define ALLOCATE_EXTERN
   5          #include "HC89S003F4.h"
   6          
   7          /***************************************************************************************
   8            * @Function   P11 is set to the falling edge interrupt, and LED1 status changes once after each interrupt
   9          ***************************************************************************************/
  10          void main()
  11          {
  12   1      /************************************system initialization****************************************/
  13   1              WDTCCR = 0x00;                                          //Close watchdog
  14   1                                        //In this example, the watchdog is closed for the convenience of testing. 
  15   1                                        //In practical use, it is recommended to open the watchdog. See WDT Reset examp
             -le for details
  16   1              
  17   1              CLKSWR = 0x51;                                          //Select internal RC32M as system clock, RC32M/2, Fosc=16MHz
  18   1              CLKDIV = 0x01;                                          //Fosc/1,Fcpu=16MHz 
  19   1      /**********************************GPIO initialization**************************************/
  20   1              P0M0 = P0M0&0xF0|0x08;          //Set P00 as push-pull output
  21   1      /**********************************INT1 initialization**************************************/
  22   1              P1M0 = P1M0&0x0F|0x60;          //Set P11 as pull-up input(SMT)
  23   1              INT01_PINS |= 0x02;                             //INT1 Select P11
  24   1              PITS0 |= 0x04;                                          //INT1 Falling edge
  25   1              IE |= 0x04;                                                       //enable INT1 interrupt
  26   1              EA = 1;                                                             //enable all interrupt
  27   1              while(1);
  28   1      }
  29          
  30          /***************************************************************************************
  31             INT1 interrupt service function
  32          ***************************************************************************************/
  33          void INT1_Rpt() interrupt INT1_VECTOR 
  34          {
  35   1              PINTF0 &=~ 0x02;                                        //Clear flag bit
  36   1              P0_0 =~ P0_0;                           
  37   1      }


MODULE INFORMATION:   STATIC OVERLAYABLE
   CODE SIZE        =     58    ----
   CONSTANT SIZE    =   ----    ----
   XDATA SIZE       =   ----    ----
   PDATA SIZE       =   ----    ----
   DATA SIZE        =   ----    ----
   IDATA SIZE       =   ----    ----
   BIT SIZE         =   ----    ----
END OF MODULE INFORMATION.


C51 COMPILATION COMPLETE.  0 WARNING(S),  0 ERROR(S)
