C51 COMPILER V9.60.0.0   MAIN                                                              01/05/2021 11:46:32 PAGE 1   


C51 COMPILER V9.60.0.0, COMPILATION OF MODULE MAIN
OBJECT MODULE PLACED IN .\Objects\main.obj
COMPILER INVOKED BY: C:\SoftWare\Keil\C51\BIN\C51.EXE ..\user\main.c OPTIMIZE(8,SPEED) BROWSE DEBUG OBJECTEXTEND PRINT(.
                    -\Listings\main.lst) OBJECT(.\Objects\main.obj)

line level    source

   1          //PWR-Power down mode
   2          
   3          #define ALLOCATE_EXTERN
   4          #include "HC89S003F4.h"
   5          
   6          /***************************************************************************************
   7            * @Function   After the system is initialized, the chip enters power-down mode
   8          ***************************************************************************************/
   9          void main()
  10          {
  11   1      /************************************System initialization ****************************************/
  12   1              WDTCCR = 0x00;                                          //Close watchdog
  13   1                                        //In this example, the watchdog is closed for the convenience of testing. 
  14   1                                        //In practical use, it is recommended to open the watchdog. See WDT Reset examp
             -le for details
  15   1              
  16   1              CLKSWR = 0x51;                                          //Select internal RC32M as system clock, RC32M/2, Fosc=16MHz
  17   1              CLKDIV = 0x01;                                          //Fosc/1,Fcpu=16MHz
  18   1      /***********************************Enter power down mode***************************************/
  19   1              FREQ_CLK = 0x10;                                        //This routine involves the power-down mode, you need to specify the current system 
             -clock        
  20   1          BORC &=~ 0x80;                      //Turn off BOR to save power
  21   1              ADCC0 |= 0x03;
  22   1              PCON |= 0x02;                                           //Enter power down mode
  23   1              while(1);       
  24   1      }


MODULE INFORMATION:   STATIC OVERLAYABLE
   CODE SIZE        =     32    ----
   CONSTANT SIZE    =   ----    ----
   XDATA SIZE       =   ----    ----
   PDATA SIZE       =   ----    ----
   DATA SIZE        =   ----    ----
   IDATA SIZE       =   ----    ----
   BIT SIZE         =   ----    ----
END OF MODULE INFORMATION.


C51 COMPILATION COMPLETE.  0 WARNING(S),  0 ERROR(S)
