C51 COMPILER V9.60.0.0   MAIN                                                              01/05/2021 11:45:17 PAGE 1   


C51 COMPILER V9.60.0.0, COMPILATION OF MODULE MAIN
OBJECT MODULE PLACED IN .\Objects\main.obj
COMPILER INVOKED BY: C:\SoftWare\Keil\C51\BIN\C51.EXE ..\user\main.c OPTIMIZE(8,SPEED) BROWSE DEBUG OBJECTEXTEND PRINT(.
                    -\Listings\main.lst) OBJECT(.\Objects\main.obj)

line level    source

   1          //PWM-1 independent PWM output (8 bits)
   2          
   3          #define ALLOCATE_EXTERN
   4          #include "HC89S003F4.h"
   5          
   6          /***************************************************************************************
   7            * @Function   P22 port output frequency is 15.69KHz, duty cycle is 34% square wave
   8          ***************************************************************************************/
   9          void main()
  10          {
  11   1      /************************************System initialization ****************************************/
  12   1              WDTCCR = 0x00;                                          //Close watchdog
  13   1                                        //In this example, the watchdog is closed for the convenience of testing. 
  14   1                                        //In practical use, it is recommended to open the watchdog. See WDT Reset examp
             -le for details
  15   1              
  16   1              CLKSWR = 0x51;                                          //Select internal RC32M as system clock, RC32M/2, Fosc=16MHz
  17   1              CLKDIV = 0x01;                                          //Fosc/1,Fcpu=16MHz 
  18   1      /************************************PWM3 initialization****************************************/
  19   1              P2M1 = P2M1&0xF0|0x08;                  //Set P22 as push-pull output
  20   1              PWM3_MAP = 0x22;                                        //PWM3 channel mapping P22 port
  21   1              //Period calculation = 0xFF / (Fosc / PWM frequency division factor)
  22   1              //                      = 0xFF /(16000000 / 4)                  
  23   1              //                      = 255 /4000000
  24   1              //                      = 63.75us £¨15.69KHZ£©          
  25   1      
  26   1              PWM3P = 0xFF;                                           //PWM period is 0xFF
  27   1              //Effective level time calculation£¨Duty cycle£©        
  28   1              //                      = 0x55 / (Fosc / PWM frequency division factor) 
  29   1              //                      = 0x55 /(16000000 / 4)                  
  30   1              //                      = 85 /4000000
  31   1              //                      = 21.25us               duty cycle: 21.25 / 63.75 = 34%
  32   1      
  33   1              PWM3D = 0x55;                                           //PWM duty cycle
  34   1              PWM3C = 0x92;                                           //Enable PWM3, disable Interrupt, allow PWM output, clock divided by 4
  35   1              
  36   1        while(1);
  37   1      }


MODULE INFORMATION:   STATIC OVERLAYABLE
   CODE SIZE        =     39    ----
   CONSTANT SIZE    =   ----    ----
   XDATA SIZE       =   ----    ----
   PDATA SIZE       =   ----    ----
   DATA SIZE        =   ----    ----
   IDATA SIZE       =   ----    ----
   BIT SIZE         =   ----    ----
END OF MODULE INFORMATION.


C51 COMPILATION COMPLETE.  0 WARNING(S),  0 ERROR(S)
