C51 COMPILER V9.60.0.0   MAIN                                                              01/05/2021 11:56:05 PAGE 1   


C51 COMPILER V9.60.0.0, COMPILATION OF MODULE MAIN
OBJECT MODULE PLACED IN .\Objects\main.obj
COMPILER INVOKED BY: C:\SoftWare\Keil\C51\BIN\C51.EXE ..\user\main.c OPTIMIZE(8,SPEED) BROWSE DEBUG OBJECTEXTEND PRINT(.
                    -\Listings\main.lst) OBJECT(.\Objects\main.obj)

line level    source

   1          //UART2 Send and receive data
   2          
   3          #define ALLOCATE_EXTERN
   4          #include "HC89S003F4.h"
   5          
   6          unsigned char guc_Uartflag = 0;                 //UART2 judgment flag
   7          unsigned char guc_Uartcnt = 0;              //UART2 count
   8          unsigned char guc_Uartbuf_a[5] = {0};   //Save the received value
   9          unsigned char guc_i;                    //Send data count
  10          
  11          /***************************************************************************************
  12            * @Function   After UART2 receives the 5 8-bit data sent by the host computer, it sends the received 
  13                          5 data to the host computer again
  14            * @Steps      Connect TXD, RXD short-circuit cap, and then send 5 8-bit data through the upper computer 
             -software
  15            * @Note               Baud rate 9600, 8-bit data, no parity bit               
  16          ***************************************************************************************/
  17          void main()
  18          {
  19   1      /************************************System initialization ****************************************/
  20   1              WDTCCR = 0x00;                                          //Close watchdog
  21   1                                        //In this example, the watchdog is closed for the convenience of testing. 
  22   1                                        //In practical use, it is recommended to open the watchdog. See WDT Reset examp
             -le for details
  23   1              
  24   1              CLKSWR = 0x51;                                          //Select internal RC32M as system clock, RC32M/2, Fosc=16MHz
  25   1              CLKDIV = 0x01;                                          //Fosc/1,Fcpu=16MHz
  26   1      /**********************************UART initialization**************************************/
  27   1              P2M0 = P2M0&0x0F|0x80;                          //Set P21 as push-pull output
  28   1              P0M1 = P0M1&0x0F|0x20;                          //Set P03 as pull-up input
  29   1              TXD2_MAP = 0x21;                                        //TXD mapping P21
  30   1              RXD2_MAP = 0x03;                                        //RXD mapping P03               
  31   1              //Baud rate calculation
  32   1              //Baud rate = 1/16 * (T5 clock source frequency / Timer 5 prescaler ratio) / (65536 - 0xFF98)
  33   1              //          = 1/16 * ((16000000 / 1) / 104)
  34   1              //                  = 9615.38(error 0.16%)
  35   1      
  36   1              //Baud rate 9600
  37   1              //Reverse initial value = (65536 - ((T5 clock source frequency / Timer 5 prescaler ratio) * (1 / 16)) / B
             -aud rate)
  38   1              //                              = (65536 - (16000000 * (1 / 16) / 9600))
  39   1              //                              = (65536 - 104.167)
  40   1              //                      = FF98
  41   1      
  42   1              RCAP5H = 0xFF;
  43   1              RCAP5L = 0x98;
  44   1              T5CON = 0x06;                                               //T5 working mode: UART2 baud rate generator
  45   1              S2CON2 = 0x00;                                              //8-bit UART, variable baud rate
  46   1              S2CON = 0x10;                                           //Allow UART to receive
  47   1              IE |= 0x40;                                                     //Turn on UART Interrupt
  48   1              EA = 1;                                                         //Open total Interrupt
  49   1              while(1)
  50   1              {
  51   2                      if(guc_Uartflag)
C51 COMPILER V9.60.0.0   MAIN                                                              01/05/2021 11:56:05 PAGE 2   

  52   2                      {
  53   3                              IE &=~ 0x40;                                          //Disable UART2 interrupt
  54   3                              for(guc_i=0;guc_i<guc_Uartcnt;guc_i++)
  55   3                              {
  56   4                                      S2BUF = guc_Uartbuf_a[guc_i];             //Send 8-bit serial data
  57   4                                      while(!(S2CON & 0x02));
  58   4                                      S2CON &=~ 0x02;                               //Clear send-flag bit
  59   4                              }
  60   3                              IE |= 0x40;                                                   //UART2 interrupt enable
  61   3                              guc_Uartflag = 0;
  62   3                              guc_Uartcnt = 0;
  63   3                              S2CON |= 0x10;;                                   //UART2 receive enable
  64   3                      }
  65   2              }
  66   1      }
  67          
  68          /***************************************************************************************
  69           UART interrupt service function
  70          ***************************************************************************************/
  71          void UART2_Rpt(void) interrupt UART2_VECTOR
  72          {
  73   1              if(S2CON&0x01)                                                //Determine the receive interrupt flag bit
  74   1              {
  75   2                      guc_Uartbuf_a[guc_Uartcnt++] = S2BUF;     //Transfer 8-bit serial port to receive data
  76   2                      if(guc_Uartcnt >= 5)
  77   2                      {
  78   3                              S2CON &=~ 0x10;                                   //Disable UART2 reception
  79   3                              guc_Uartflag = 1;
  80   3                      }
  81   2                      S2CON &=~ 0x01;                                       //Clear receive-flag bit
  82   2              }                                                                       
  83   1      }


MODULE INFORMATION:   STATIC OVERLAYABLE
   CODE SIZE        =    207    ----
   CONSTANT SIZE    =   ----    ----
   XDATA SIZE       =   ----    ----
   PDATA SIZE       =   ----    ----
   DATA SIZE        =      8    ----
   IDATA SIZE       =   ----    ----
   BIT SIZE         =   ----    ----
END OF MODULE INFORMATION.


C51 COMPILATION COMPLETE.  0 WARNING(S),  0 ERROR(S)
