C51 COMPILER V9.60.0.0   MAIN                                                              01/05/2021 11:34:38 PAGE 1   


C51 COMPILER V9.60.0.0, COMPILATION OF MODULE MAIN
OBJECT MODULE PLACED IN .\Objects\main.obj
COMPILER INVOKED BY: C:\SoftWare\Keil\C51\BIN\C51.EXE ..\user\main.c OPTIMIZE(8,SPEED) BROWSE DEBUG OBJECTEXTEND PRINT(.
                    -\Listings\main.lst) OBJECT(.\Objects\main.obj)

line level    source

   1          
   2          //switching between internal high frequency clock and external high frequency clock
   3          
   4          #define ALLOCATE_EXTERN
   5          #include "HC89S003F4.h"
   6          
   7          void Delay_ms(unsigned int fui_i);              //delay function
   8          
   9          unsigned char guc_i = 0;                                      //Count the change times of P00
  10          
  11          /***************************************************************************************
  12            * @Function   switching between internal high frequency clock and external high frequency 
  13                              clock,When fcpu is internal high frequency RC,LED flicker faster, When fcpu 
  14                                                                  is external high frequency RC,LED flicker slowly.                       
  15          ***************************************************************************************/
  16          void main()
  17          {
  18   1      /************************************system initialization****************************************/
  19   1              WDTCCR = 0x00;                                          //Close watchdog
  20   1                                        //In this example, the watchdog is closed for the convenience of testing. 
  21   1                                        //In practical use, it is recommended to open the watchdog. See WDT Reset examp
             -le for details
  22   1              
  23   1              CLKSWR = 0x51;                                          //Select internal RC32M as system clock, RC32M/2, Fosc=16MHz
  24   1              CLKDIV = 0x01;                                          //Fosc/1,Fcpu=16MHz   
  25   1              P0M0 = P0M0&0xF0|0x08;    //Set P00 as push-pull output
  26   1      
  27   1              while(1)
  28   1              {
  29   2                      for(guc_i=10;guc_i>0;guc_i--)
  30   2                      {
  31   3                              P0_0 =~ P0_0;
  32   3                              Delay_ms(250);
  33   3                      }
  34   2                      CLKCON |= 0x04;                                         //enable external crystal oscillator
  35   2                      XTALCFG |= 0x01;                                        //external crystal oscillator chooses high frequency crystal oscillator
  36   2                      while((CLKCON&0x80)!=0x80);                 //wait for the external high frequency RC to start oscillation
  37   2                      CLKSWR = 0xF0;                                            //select external crystal oscillator as system clock
  38   2                      while((CLKSWR&0xC0)!=0xC0);                 //Wait for the system clock to switch to external high frequency crysta
             -l oscillator
  39   2                      CLKCON &=~ 0x02;                                          //close internal high frequency RC
  40   2                      for(guc_i=10;guc_i>0;guc_i--)
  41   2                      {
  42   3                              P0_0 =~ P0_0;
  43   3                              Delay_ms(250);
  44   3                      }
  45   2                      CLKCON |= 0x02;                                           //enable internal high frequency RC
  46   2                      while((CLKCON&0x20)!=0x20);                 //Wait for the internal high frequency RC to start oscillation
  47   2                      CLKSWR = 0x51;                                            //Fosc/2£¬Fosc=16MHz
  48   2                      while((CLKSWR&0xC0)!=0x40);                 //Wait for the system clock to switch to internal high frequency RC
  49   2                      CLKDIV = 0x01;                                          //Fosc/1£¬Fcpu=16MHz  
  50   2              }
  51   1      }
  52          
C51 COMPILER V9.60.0.0   MAIN                                                              01/05/2021 11:34:38 PAGE 2   

  53          /**
  54            * Delay function 
  55            * Fcpu = 16MHz,fui_i = 1,The delay time is about 1ms
  56            */
  57          void Delay_ms(unsigned int fui_i)
  58          {
  59   1              unsigned int fui_j;
  60   1              for(;fui_i > 0;fui_i --)
  61   1              for(fui_j = 1596;fui_j > 0;fui_j --);
  62   1      }


MODULE INFORMATION:   STATIC OVERLAYABLE
   CODE SIZE        =    161    ----
   CONSTANT SIZE    =   ----    ----
   XDATA SIZE       =   ----    ----
   PDATA SIZE       =   ----    ----
   DATA SIZE        =      1    ----
   IDATA SIZE       =   ----    ----
   BIT SIZE         =   ----    ----
END OF MODULE INFORMATION.


C51 COMPILATION COMPLETE.  0 WARNING(S),  0 ERROR(S)
